2025-02-24 17:05:06 Warning: Redis::zRangeByScore(): php_network_getaddresses: getaddrinfo failed: Name or service not known in [/var/www/MISP/app/Vendor/kamisama/php-resque-ex-scheduler/lib/ResqueScheduler/ResqueScheduler.php, line 248]
2025-02-24 17:05:06 Warning: Redis::zRangeByScore(): php_network_getaddresses: getaddrinfo failed: Name or service not known in [/var/www/MISP/app/Vendor/kamisama/php-resque-ex-scheduler/lib/ResqueScheduler/ResqueScheduler.php, line 248]
2025-02-24 17:05:06 Warning: Redis::zRangeByScore(): php_network_getaddresses: getaddrinfo failed: Name or service not known in [/var/www/MISP/app/Vendor/kamisama/php-resque-ex-scheduler/lib/ResqueScheduler/ResqueScheduler.php, line 248]
2025-02-24 17:05:06 Warning: Redis::zRangeByScore(): php_network_getaddresses: getaddrinfo failed: Name or service not known in [/var/www/MISP/app/Vendor/kamisama/php-resque-ex-scheduler/lib/ResqueScheduler/ResqueScheduler.php, line 248]
2025-02-24 17:05:06 Warning: Redis::zRangeByScore(): php_network_getaddresses: getaddrinfo failed: Name or service not known in [/var/www/MISP/app/Vendor/kamisama/php-resque-ex-scheduler/lib/ResqueScheduler/ResqueScheduler.php, line 248]
2025-02-24 17:05:06 Warning: Redis::zRangeByScore(): php_network_getaddresses: getaddrinfo failed: Name or service not known in [/var/www/MISP/app/Vendor/kamisama/php-resque-ex-scheduler/lib/ResqueScheduler/ResqueScheduler.php, line 248]
2025-02-24 17:05:06 Warning: Redis::zRangeByScore(): php_network_getaddresses: getaddrinfo failed: Name or service not known in [/var/www/MISP/app/Vendor/kamisama/php-resque-ex-scheduler/lib/ResqueScheduler/ResqueScheduler.php, line 248]
2025-02-24 17:05:06 Warning: Redis::zRangeByScore(): php_network_getaddresses: getaddrinfo failed: Name or service not known in [/var/www/MISP/app/Vendor/kamisama/php-resque-ex-scheduler/lib/ResqueScheduler/ResqueScheduler.php, line 248]
2025-02-24 17:05:06 Warning: Redis::zRangeByScore(): php_network_getaddresses: getaddrinfo failed: Name or service not known in [/var/www/MISP/app/Vendor/kamisama/php-resque-ex-scheduler/lib/ResqueScheduler/ResqueScheduler.php, line 248]
2025-02-24 17:05:06 Warning: Redis::zRangeByScore(): php_network_getaddresses: getaddrinfo failed: Name or service not known in [/var/www/MISP/app/Vendor/kamisama/php-resque-ex-scheduler/lib/ResqueScheduler/ResqueScheduler.php, line 248]
2025-02-24 17:05:08 Warning: Redis::lPop(): php_network_getaddresses: getaddrinfo failed: Name or service not known in [/var/www/MISP/app/Vendor/kamisama/php-resque-ex/lib/Resque.php, line 136]
2025-02-24 17:05:08 Warning: Redis::lPop(): php_network_getaddresses: getaddrinfo failed: Name or service not known in [/var/www/MISP/app/Vendor/kamisama/php-resque-ex/lib/Resque.php, line 136]
2025-02-24 17:05:08 Warning: Redis::lPop(): php_network_getaddresses: getaddrinfo failed: Name or service not known in [/var/www/MISP/app/Vendor/kamisama/php-resque-ex/lib/Resque.php, line 136]
2025-02-24 17:05:08 Warning: Redis::lPop(): php_network_getaddresses: getaddrinfo failed: Name or service not known in [/var/www/MISP/app/Vendor/kamisama/php-resque-ex/lib/Resque.php, line 136]
2025-02-24 17:05:08 Warning: Redis::lPop(): php_network_getaddresses: getaddrinfo failed: Name or service not known in [/var/www/MISP/app/Vendor/kamisama/php-resque-ex/lib/Resque.php, line 136]
2025-02-24 17:05:08 Warning: Redis::lPop(): php_network_getaddresses: getaddrinfo failed: Name or service not known in [/var/www/MISP/app/Vendor/kamisama/php-resque-ex/lib/Resque.php, line 136]
2025-02-24 17:05:08 Warning: Redis::lPop(): php_network_getaddresses: getaddrinfo failed: Name or service not known in [/var/www/MISP/app/Vendor/kamisama/php-resque-ex/lib/Resque.php, line 136]
2025-02-24 17:05:08 Warning: Redis::lPop(): php_network_getaddresses: getaddrinfo failed: Name or service not known in [/var/www/MISP/app/Vendor/kamisama/php-resque-ex/lib/Resque.php, line 136]
2025-02-24 17:05:08 Warning: Redis::lPop(): php_network_getaddresses: getaddrinfo failed: Name or service not known in [/var/www/MISP/app/Vendor/kamisama/php-resque-ex/lib/Resque.php, line 136]
2025-02-24 17:05:08 Warning: Redis::lPop(): php_network_getaddresses: getaddrinfo failed: Name or service not known in [/var/www/MISP/app/Vendor/kamisama/php-resque-ex/lib/Resque.php, line 136]
2025-02-24 17:05:09 Warning: Redis::lPop(): php_network_getaddresses: getaddrinfo failed: Name or service not known in [/var/www/MISP/app/Vendor/kamisama/php-resque-ex/lib/Resque.php, line 136]
2025-02-24 17:05:09 Warning: Redis::lPop(): php_network_getaddresses: getaddrinfo failed: Name or service not known in [/var/www/MISP/app/Vendor/kamisama/php-resque-ex/lib/Resque.php, line 136]
2025-02-24 17:05:09 Warning: Redis::lPop(): php_network_getaddresses: getaddrinfo failed: Name or service not known in [/var/www/MISP/app/Vendor/kamisama/php-resque-ex/lib/Resque.php, line 136]
2025-02-24 17:05:09 Warning: Redis::lPop(): php_network_getaddresses: getaddrinfo failed: Name or service not known in [/var/www/MISP/app/Vendor/kamisama/php-resque-ex/lib/Resque.php, line 136]
2025-02-24 17:05:09 Warning: Redis::lPop(): php_network_getaddresses: getaddrinfo failed: Name or service not known in [/var/www/MISP/app/Vendor/kamisama/php-resque-ex/lib/Resque.php, line 136]
2025-02-24 17:05:09 Warning: Redis::lPop(): php_network_getaddresses: getaddrinfo failed: Name or service not known in [/var/www/MISP/app/Vendor/kamisama/php-resque-ex/lib/Resque.php, line 136]
2025-02-24 17:05:09 Warning: Redis::lPop(): php_network_getaddresses: getaddrinfo failed: Name or service not known in [/var/www/MISP/app/Vendor/kamisama/php-resque-ex/lib/Resque.php, line 136]
2025-02-24 17:05:09 Warning: Redis::lPop(): php_network_getaddresses: getaddrinfo failed: Name or service not known in [/var/www/MISP/app/Vendor/kamisama/php-resque-ex/lib/Resque.php, line 136]
2025-02-24 17:05:09 Warning: Redis::lPop(): php_network_getaddresses: getaddrinfo failed: Name or service not known in [/var/www/MISP/app/Vendor/kamisama/php-resque-ex/lib/Resque.php, line 136]
2025-02-24 17:05:09 Warning: Redis::lPop(): php_network_getaddresses: getaddrinfo failed: Name or service not known in [/var/www/MISP/app/Vendor/kamisama/php-resque-ex/lib/Resque.php, line 136]
2025-02-24 17:05:09 Warning: Redis::lPop(): php_network_getaddresses: getaddrinfo failed: Name or service not known in [/var/www/MISP/app/Vendor/kamisama/php-resque-ex/lib/Resque.php, line 136]
2025-02-24 17:05:09 Warning: Redis::lPop(): php_network_getaddresses: getaddrinfo failed: Name or service not known in [/var/www/MISP/app/Vendor/kamisama/php-resque-ex/lib/Resque.php, line 136]
2025-02-24 17:05:09 Warning: Redis::lPop(): php_network_getaddresses: getaddrinfo failed: Name or service not known in [/var/www/MISP/app/Vendor/kamisama/php-resque-ex/lib/Resque.php, line 136]
2025-02-24 17:05:09 Warning: Redis::lPop(): php_network_getaddresses: getaddrinfo failed: Name or service not known in [/var/www/MISP/app/Vendor/kamisama/php-resque-ex/lib/Resque.php, line 136]
2025-02-24 17:05:09 Warning: Redis::lPop(): php_network_getaddresses: getaddrinfo failed: Name or service not known in [/var/www/MISP/app/Vendor/kamisama/php-resque-ex/lib/Resque.php, line 136]
2025-02-24 17:05:09 Warning: Redis::lPop(): php_network_getaddresses: getaddrinfo failed: Name or service not known in [/var/www/MISP/app/Vendor/kamisama/php-resque-ex/lib/Resque.php, line 136]
2025-02-24 17:05:09 Warning: Redis::lPop(): php_network_getaddresses: getaddrinfo failed: Name or service not known in [/var/www/MISP/app/Vendor/kamisama/php-resque-ex/lib/Resque.php, line 136]
2025-02-24 17:05:09 Warning: Redis::lPop(): php_network_getaddresses: getaddrinfo failed: Name or service not known in [/var/www/MISP/app/Vendor/kamisama/php-resque-ex/lib/Resque.php, line 136]
2025-02-24 17:05:09 Warning: Redis::lPop(): php_network_getaddresses: getaddrinfo failed: Name or service not known in [/var/www/MISP/app/Vendor/kamisama/php-resque-ex/lib/Resque.php, line 136]
2025-02-24 17:05:09 Warning: Redis::lPop(): php_network_getaddresses: getaddrinfo failed: Name or service not known in [/var/www/MISP/app/Vendor/kamisama/php-resque-ex/lib/Resque.php, line 136]
2025-02-24 17:05:09 Warning: Redis::lPop(): php_network_getaddresses: getaddrinfo failed: Name or service not known in [/var/www/MISP/app/Vendor/kamisama/php-resque-ex/lib/Resque.php, line 136]
2025-02-24 17:05:09 Warning: Redis::lPop(): php_network_getaddresses: getaddrinfo failed: Name or service not known in [/var/www/MISP/app/Vendor/kamisama/php-resque-ex/lib/Resque.php, line 136]
2025-02-24 17:05:09 Warning: Redis::lPop(): php_network_getaddresses: getaddrinfo failed: Name or service not known in [/var/www/MISP/app/Vendor/kamisama/php-resque-ex/lib/Resque.php, line 136]
2025-02-24 17:05:09 Warning: Redis::lPop(): php_network_getaddresses: getaddrinfo failed: Name or service not known in [/var/www/MISP/app/Vendor/kamisama/php-resque-ex/lib/Resque.php, line 136]
2025-02-24 17:05:09 Warning: Redis::lPop(): php_network_getaddresses: getaddrinfo failed: Name or service not known in [/var/www/MISP/app/Vendor/kamisama/php-resque-ex/lib/Resque.php, line 136]
2025-02-24 17:05:09 Warning: Redis::lPop(): php_network_getaddresses: getaddrinfo failed: Name or service not known in [/var/www/MISP/app/Vendor/kamisama/php-resque-ex/lib/Resque.php, line 136]
2025-02-24 17:05:09 Warning: Redis::lPop(): php_network_getaddresses: getaddrinfo failed: Name or service not known in [/var/www/MISP/app/Vendor/kamisama/php-resque-ex/lib/Resque.php, line 136]
2025-02-24 17:05:09 Warning: Redis::lPop(): php_network_getaddresses: getaddrinfo failed: Name or service not known in [/var/www/MISP/app/Vendor/kamisama/php-resque-ex/lib/Resque.php, line 136]
2025-02-24 17:05:09 Warning: Redis::lPop(): php_network_getaddresses: getaddrinfo failed: Name or service not known in [/var/www/MISP/app/Vendor/kamisama/php-resque-ex/lib/Resque.php, line 136]
2025-02-24 17:05:09 Warning: Redis::lPop(): php_network_getaddresses: getaddrinfo failed: Name or service not known in [/var/www/MISP/app/Vendor/kamisama/php-resque-ex/lib/Resque.php, line 136]
2025-02-24 17:05:10 Warning: Redis::lPop(): php_network_getaddresses: getaddrinfo failed: Name or service not known in [/var/www/MISP/app/Vendor/kamisama/php-resque-ex/lib/Resque.php, line 136]
2025-02-24 17:05:10 Warning: Redis::lPop(): php_network_getaddresses: getaddrinfo failed: Name or service not known in [/var/www/MISP/app/Vendor/kamisama/php-resque-ex/lib/Resque.php, line 136]
2025-02-24 17:05:10 Warning: Redis::lPop(): php_network_getaddresses: getaddrinfo failed: Name or service not known in [/var/www/MISP/app/Vendor/kamisama/php-resque-ex/lib/Resque.php, line 136]
2025-02-24 17:05:10 Warning: Redis::lPop(): php_network_getaddresses: getaddrinfo failed: Name or service not known in [/var/www/MISP/app/Vendor/kamisama/php-resque-ex/lib/Resque.php, line 136]
2025-02-24 17:05:10 Warning: Redis::lPop(): php_network_getaddresses: getaddrinfo failed: Name or service not known in [/var/www/MISP/app/Vendor/kamisama/php-resque-ex/lib/Resque.php, line 136]
2025-02-24 17:05:10 Warning: Redis::lPop(): php_network_getaddresses: getaddrinfo failed: Name or service not known in [/var/www/MISP/app/Vendor/kamisama/php-resque-ex/lib/Resque.php, line 136]
2025-02-24 17:05:10 Warning: Redis::lPop(): php_network_getaddresses: getaddrinfo failed: Name or service not known in [/var/www/MISP/app/Vendor/kamisama/php-resque-ex/lib/Resque.php, line 136]
2025-02-24 17:05:10 Warning: Redis::lPop(): php_network_getaddresses: getaddrinfo failed: Name or service not known in [/var/www/MISP/app/Vendor/kamisama/php-resque-ex/lib/Resque.php, line 136]
2025-02-24 17:05:10 Warning: Redis::lPop(): php_network_getaddresses: getaddrinfo failed: Name or service not known in [/var/www/MISP/app/Vendor/kamisama/php-resque-ex/lib/Resque.php, line 136]
2025-02-24 17:05:10 Warning: Redis::lPop(): php_network_getaddresses: getaddrinfo failed: Name or service not known in [/var/www/MISP/app/Vendor/kamisama/php-resque-ex/lib/Resque.php, line 136]
2025-02-24 17:33:29 Warning: Redis::lPop(): php_network_getaddresses: getaddrinfo failed: Name or service not known in [/var/www/MISP/app/Vendor/kamisama/php-resque-ex/lib/Resque.php, line 136]
2025-02-24 17:33:29 Warning: Redis::lPop(): php_network_getaddresses: getaddrinfo failed: Name or service not known in [/var/www/MISP/app/Vendor/kamisama/php-resque-ex/lib/Resque.php, line 136]
2025-02-24 17:33:29 Warning: Redis::lPop(): php_network_getaddresses: getaddrinfo failed: Name or service not known in [/var/www/MISP/app/Vendor/kamisama/php-resque-ex/lib/Resque.php, line 136]
2025-02-24 17:33:29 Warning: Redis::lPop(): php_network_getaddresses: getaddrinfo failed: Name or service not known in [/var/www/MISP/app/Vendor/kamisama/php-resque-ex/lib/Resque.php, line 136]
2025-02-24 17:33:29 Warning: Redis::lPop(): php_network_getaddresses: getaddrinfo failed: Name or service not known in [/var/www/MISP/app/Vendor/kamisama/php-resque-ex/lib/Resque.php, line 136]
2025-02-24 17:33:29 Warning: Redis::lPop(): php_network_getaddresses: getaddrinfo failed: Name or service not known in [/var/www/MISP/app/Vendor/kamisama/php-resque-ex/lib/Resque.php, line 136]
2025-02-24 17:33:29 Warning: Redis::lPop(): php_network_getaddresses: getaddrinfo failed: Name or service not known in [/var/www/MISP/app/Vendor/kamisama/php-resque-ex/lib/Resque.php, line 136]
2025-02-24 17:33:29 Warning: Redis::lPop(): php_network_getaddresses: getaddrinfo failed: Name or service not known in [/var/www/MISP/app/Vendor/kamisama/php-resque-ex/lib/Resque.php, line 136]
2025-02-24 17:33:29 Warning: Redis::zRangeByScore(): php_network_getaddresses: getaddrinfo failed: Name or service not known in [/var/www/MISP/app/Vendor/kamisama/php-resque-ex-scheduler/lib/ResqueScheduler/ResqueScheduler.php, line 248]
2025-02-24 17:33:29 Warning: Redis::lPop(): php_network_getaddresses: getaddrinfo failed: Name or service not known in [/var/www/MISP/app/Vendor/kamisama/php-resque-ex/lib/Resque.php, line 136]
2025-02-24 17:33:29 Warning: Redis::zRangeByScore(): php_network_getaddresses: getaddrinfo failed: Name or service not known in [/var/www/MISP/app/Vendor/kamisama/php-resque-ex-scheduler/lib/ResqueScheduler/ResqueScheduler.php, line 248]
2025-02-24 17:33:29 Warning: Redis::lPop(): php_network_getaddresses: getaddrinfo failed: Name or service not known in [/var/www/MISP/app/Vendor/kamisama/php-resque-ex/lib/Resque.php, line 136]
2025-02-24 17:33:29 Warning: Redis::zRangeByScore(): php_network_getaddresses: getaddrinfo failed: Name or service not known in [/var/www/MISP/app/Vendor/kamisama/php-resque-ex-scheduler/lib/ResqueScheduler/ResqueScheduler.php, line 248]
2025-02-24 17:33:29 Warning: Redis::zRangeByScore(): php_network_getaddresses: getaddrinfo failed: Name or service not known in [/var/www/MISP/app/Vendor/kamisama/php-resque-ex-scheduler/lib/ResqueScheduler/ResqueScheduler.php, line 248]
2025-02-24 17:33:29 Warning: Redis::zRangeByScore(): php_network_getaddresses: getaddrinfo failed: Name or service not known in [/var/www/MISP/app/Vendor/kamisama/php-resque-ex-scheduler/lib/ResqueScheduler/ResqueScheduler.php, line 248]
2025-02-24 17:33:29 Warning: Redis::zRangeByScore(): php_network_getaddresses: getaddrinfo failed: Name or service not known in [/var/www/MISP/app/Vendor/kamisama/php-resque-ex-scheduler/lib/ResqueScheduler/ResqueScheduler.php, line 248]
2025-02-24 17:33:29 Warning: Redis::zRangeByScore(): php_network_getaddresses: getaddrinfo failed: Name or service not known in [/var/www/MISP/app/Vendor/kamisama/php-resque-ex-scheduler/lib/ResqueScheduler/ResqueScheduler.php, line 248]
2025-02-24 17:33:29 Warning: Redis::zRangeByScore(): php_network_getaddresses: getaddrinfo failed: Name or service not known in [/var/www/MISP/app/Vendor/kamisama/php-resque-ex-scheduler/lib/ResqueScheduler/ResqueScheduler.php, line 248]
2025-02-24 17:33:29 Warning: Redis::zRangeByScore(): php_network_getaddresses: getaddrinfo failed: Name or service not known in [/var/www/MISP/app/Vendor/kamisama/php-resque-ex-scheduler/lib/ResqueScheduler/ResqueScheduler.php, line 248]
2025-02-24 17:33:29 Warning: Redis::zRangeByScore(): php_network_getaddresses: getaddrinfo failed: Name or service not known in [/var/www/MISP/app/Vendor/kamisama/php-resque-ex-scheduler/lib/ResqueScheduler/ResqueScheduler.php, line 248]
2025-02-24 17:33:30 Warning: Redis::lPop(): php_network_getaddresses: getaddrinfo failed: Name or service not known in [/var/www/MISP/app/Vendor/kamisama/php-resque-ex/lib/Resque.php, line 136]
2025-02-24 17:33:30 Warning: Redis::lPop(): php_network_getaddresses: getaddrinfo failed: Name or service not known in [/var/www/MISP/app/Vendor/kamisama/php-resque-ex/lib/Resque.php, line 136]
2025-02-24 17:33:30 Warning: Redis::lPop(): php_network_getaddresses: getaddrinfo failed: Name or service not known in [/var/www/MISP/app/Vendor/kamisama/php-resque-ex/lib/Resque.php, line 136]
2025-02-24 17:33:30 Warning: Redis::lPop(): php_network_getaddresses: getaddrinfo failed: Name or service not known in [/var/www/MISP/app/Vendor/kamisama/php-resque-ex/lib/Resque.php, line 136]
2025-02-24 17:33:30 Warning: Redis::lPop(): php_network_getaddresses: getaddrinfo failed: Name or service not known in [/var/www/MISP/app/Vendor/kamisama/php-resque-ex/lib/Resque.php, line 136]
2025-02-24 17:33:30 Warning: Redis::lPop(): php_network_getaddresses: getaddrinfo failed: Name or service not known in [/var/www/MISP/app/Vendor/kamisama/php-resque-ex/lib/Resque.php, line 136]
2025-02-24 17:33:30 Warning: Redis::lPop(): php_network_getaddresses: getaddrinfo failed: Name or service not known in [/var/www/MISP/app/Vendor/kamisama/php-resque-ex/lib/Resque.php, line 136]
2025-02-24 17:33:30 Warning: Redis::lPop(): php_network_getaddresses: getaddrinfo failed: Name or service not known in [/var/www/MISP/app/Vendor/kamisama/php-resque-ex/lib/Resque.php, line 136]
2025-02-24 17:33:30 Warning: Redis::lPop(): php_network_getaddresses: getaddrinfo failed: Name or service not known in [/var/www/MISP/app/Vendor/kamisama/php-resque-ex/lib/Resque.php, line 136]
2025-02-24 17:33:30 Warning: Redis::lPop(): php_network_getaddresses: getaddrinfo failed: Name or service not known in [/var/www/MISP/app/Vendor/kamisama/php-resque-ex/lib/Resque.php, line 136]
2025-02-24 17:33:30 Warning: Redis::lPop(): php_network_getaddresses: getaddrinfo failed: Name or service not known in [/var/www/MISP/app/Vendor/kamisama/php-resque-ex/lib/Resque.php, line 136]
2025-02-24 17:33:30 Warning: Redis::lPop(): php_network_getaddresses: getaddrinfo failed: Name or service not known in [/var/www/MISP/app/Vendor/kamisama/php-resque-ex/lib/Resque.php, line 136]
2025-02-24 17:33:30 Warning: Redis::lPop(): php_network_getaddresses: getaddrinfo failed: Name or service not known in [/var/www/MISP/app/Vendor/kamisama/php-resque-ex/lib/Resque.php, line 136]
2025-02-24 17:33:30 Warning: Redis::lPop(): php_network_getaddresses: getaddrinfo failed: Name or service not known in [/var/www/MISP/app/Vendor/kamisama/php-resque-ex/lib/Resque.php, line 136]
2025-02-24 17:33:30 Warning: Redis::lPop(): php_network_getaddresses: getaddrinfo failed: Name or service not known in [/var/www/MISP/app/Vendor/kamisama/php-resque-ex/lib/Resque.php, line 136]
2025-02-24 17:33:30 Warning: Redis::lPop(): php_network_getaddresses: getaddrinfo failed: Name or service not known in [/var/www/MISP/app/Vendor/kamisama/php-resque-ex/lib/Resque.php, line 136]
2025-02-24 17:33:30 Warning: Redis::lPop(): php_network_getaddresses: getaddrinfo failed: Name or service not known in [/var/www/MISP/app/Vendor/kamisama/php-resque-ex/lib/Resque.php, line 136]
2025-02-24 17:33:30 Warning: Redis::lPop(): php_network_getaddresses: getaddrinfo failed: Name or service not known in [/var/www/MISP/app/Vendor/kamisama/php-resque-ex/lib/Resque.php, line 136]
2025-02-24 17:33:30 Warning: Redis::lPop(): php_network_getaddresses: getaddrinfo failed: Name or service not known in [/var/www/MISP/app/Vendor/kamisama/php-resque-ex/lib/Resque.php, line 136]
2025-02-24 17:33:30 Warning: Redis::lPop(): php_network_getaddresses: getaddrinfo failed: Name or service not known in [/var/www/MISP/app/Vendor/kamisama/php-resque-ex/lib/Resque.php, line 136]
2025-02-24 17:33:30 Warning: Redis::lPop(): php_network_getaddresses: getaddrinfo failed: Name or service not known in [/var/www/MISP/app/Vendor/kamisama/php-resque-ex/lib/Resque.php, line 136]
2025-02-24 17:33:30 Warning: Redis::lPop(): php_network_getaddresses: getaddrinfo failed: Name or service not known in [/var/www/MISP/app/Vendor/kamisama/php-resque-ex/lib/Resque.php, line 136]
2025-02-24 17:33:30 Warning: Redis::lPop(): php_network_getaddresses: getaddrinfo failed: Name or service not known in [/var/www/MISP/app/Vendor/kamisama/php-resque-ex/lib/Resque.php, line 136]
2025-02-24 17:33:30 Warning: Redis::lPop(): php_network_getaddresses: getaddrinfo failed: Name or service not known in [/var/www/MISP/app/Vendor/kamisama/php-resque-ex/lib/Resque.php, line 136]
2025-02-24 17:33:30 Warning: Redis::lPop(): php_network_getaddresses: getaddrinfo failed: Name or service not known in [/var/www/MISP/app/Vendor/kamisama/php-resque-ex/lib/Resque.php, line 136]
2025-02-24 17:33:30 Warning: Redis::lPop(): php_network_getaddresses: getaddrinfo failed: Name or service not known in [/var/www/MISP/app/Vendor/kamisama/php-resque-ex/lib/Resque.php, line 136]
2025-02-24 17:33:30 Warning: Redis::lPop(): php_network_getaddresses: getaddrinfo failed: Name or service not known in [/var/www/MISP/app/Vendor/kamisama/php-resque-ex/lib/Resque.php, line 136]
2025-02-24 17:33:30 Warning: Redis::lPop(): php_network_getaddresses: getaddrinfo failed: Name or service not known in [/var/www/MISP/app/Vendor/kamisama/php-resque-ex/lib/Resque.php, line 136]
2025-02-24 17:33:30 Warning: Redis::lPop(): php_network_getaddresses: getaddrinfo failed: Name or service not known in [/var/www/MISP/app/Vendor/kamisama/php-resque-ex/lib/Resque.php, line 136]
2025-02-24 17:33:30 Warning: Redis::lPop(): php_network_getaddresses: getaddrinfo failed: Name or service not known in [/var/www/MISP/app/Vendor/kamisama/php-resque-ex/lib/Resque.php, line 136]
2025-02-24 17:33:31 Warning: Redis::lPop(): php_network_getaddresses: getaddrinfo failed: Name or service not known in [/var/www/MISP/app/Vendor/kamisama/php-resque-ex/lib/Resque.php, line 136]
2025-02-24 17:33:31 Warning: Redis::lPop(): php_network_getaddresses: getaddrinfo failed: Name or service not known in [/var/www/MISP/app/Vendor/kamisama/php-resque-ex/lib/Resque.php, line 136]
2025-02-24 17:33:31 Warning: Redis::lPop(): php_network_getaddresses: getaddrinfo failed: Name or service not known in [/var/www/MISP/app/Vendor/kamisama/php-resque-ex/lib/Resque.php, line 136]
2025-02-24 17:33:31 Warning: Redis::lPop(): php_network_getaddresses: getaddrinfo failed: Name or service not known in [/var/www/MISP/app/Vendor/kamisama/php-resque-ex/lib/Resque.php, line 136]
2025-02-24 17:33:31 Warning: Redis::lPop(): php_network_getaddresses: getaddrinfo failed: Name or service not known in [/var/www/MISP/app/Vendor/kamisama/php-resque-ex/lib/Resque.php, line 136]
2025-02-24 17:33:31 Warning: Redis::lPop(): php_network_getaddresses: getaddrinfo failed: Name or service not known in [/var/www/MISP/app/Vendor/kamisama/php-resque-ex/lib/Resque.php, line 136]
2025-02-24 17:33:31 Warning: Redis::lPop(): php_network_getaddresses: getaddrinfo failed: Name or service not known in [/var/www/MISP/app/Vendor/kamisama/php-resque-ex/lib/Resque.php, line 136]
2025-02-24 17:33:31 Warning: Redis::lPop(): php_network_getaddresses: getaddrinfo failed: Name or service not known in [/var/www/MISP/app/Vendor/kamisama/php-resque-ex/lib/Resque.php, line 136]
2025-02-24 17:33:31 Warning: Redis::lPop(): php_network_getaddresses: getaddrinfo failed: Name or service not known in [/var/www/MISP/app/Vendor/kamisama/php-resque-ex/lib/Resque.php, line 136]
2025-02-24 17:33:31 Warning: Redis::lPop(): php_network_getaddresses: getaddrinfo failed: Name or service not known in [/var/www/MISP/app/Vendor/kamisama/php-resque-ex/lib/Resque.php, line 136]
2025-02-25 08:19:11 Warning: Redis::zRangeByScore(): php_network_getaddresses: getaddrinfo failed: Name or service not known in [/var/www/MISP/app/Vendor/kamisama/php-resque-ex-scheduler/lib/ResqueScheduler/ResqueScheduler.php, line 248]
2025-02-25 08:19:11 Warning: Redis::zRangeByScore(): php_network_getaddresses: getaddrinfo failed: Name or service not known in [/var/www/MISP/app/Vendor/kamisama/php-resque-ex-scheduler/lib/ResqueScheduler/ResqueScheduler.php, line 248]
2025-02-25 08:19:11 Warning: Redis::zRangeByScore(): php_network_getaddresses: getaddrinfo failed: Name or service not known in [/var/www/MISP/app/Vendor/kamisama/php-resque-ex-scheduler/lib/ResqueScheduler/ResqueScheduler.php, line 248]
2025-02-25 08:19:11 Warning: Redis::zRangeByScore(): php_network_getaddresses: getaddrinfo failed: Name or service not known in [/var/www/MISP/app/Vendor/kamisama/php-resque-ex-scheduler/lib/ResqueScheduler/ResqueScheduler.php, line 248]
2025-02-25 08:19:11 Warning: Redis::zRangeByScore(): php_network_getaddresses: getaddrinfo failed: Name or service not known in [/var/www/MISP/app/Vendor/kamisama/php-resque-ex-scheduler/lib/ResqueScheduler/ResqueScheduler.php, line 248]
2025-02-25 08:19:11 Warning: Redis::zRangeByScore(): php_network_getaddresses: getaddrinfo failed: Name or service not known in [/var/www/MISP/app/Vendor/kamisama/php-resque-ex-scheduler/lib/ResqueScheduler/ResqueScheduler.php, line 248]
2025-02-25 08:19:11 Warning: Redis::zRangeByScore(): php_network_getaddresses: getaddrinfo failed: Name or service not known in [/var/www/MISP/app/Vendor/kamisama/php-resque-ex-scheduler/lib/ResqueScheduler/ResqueScheduler.php, line 248]
2025-02-25 08:19:11 Warning: Redis::zRangeByScore(): php_network_getaddresses: getaddrinfo failed: Name or service not known in [/var/www/MISP/app/Vendor/kamisama/php-resque-ex-scheduler/lib/ResqueScheduler/ResqueScheduler.php, line 248]
2025-02-25 08:19:11 Warning: Redis::zRangeByScore(): php_network_getaddresses: getaddrinfo failed: Name or service not known in [/var/www/MISP/app/Vendor/kamisama/php-resque-ex-scheduler/lib/ResqueScheduler/ResqueScheduler.php, line 248]
2025-02-25 08:19:11 Warning: Redis::zRangeByScore(): php_network_getaddresses: getaddrinfo failed: Name or service not known in [/var/www/MISP/app/Vendor/kamisama/php-resque-ex-scheduler/lib/ResqueScheduler/ResqueScheduler.php, line 248]
2025-02-25 08:19:12 Warning: Redis::lPop(): php_network_getaddresses: getaddrinfo failed: Name or service not known in [/var/www/MISP/app/Vendor/kamisama/php-resque-ex/lib/Resque.php, line 136]
2025-02-25 08:19:12 Warning: Redis::lPop(): php_network_getaddresses: getaddrinfo failed: Name or service not known in [/var/www/MISP/app/Vendor/kamisama/php-resque-ex/lib/Resque.php, line 136]
2025-02-25 08:19:12 Warning: Redis::lPop(): php_network_getaddresses: getaddrinfo failed: Name or service not known in [/var/www/MISP/app/Vendor/kamisama/php-resque-ex/lib/Resque.php, line 136]
2025-02-25 08:19:12 Warning: Redis::lPop(): php_network_getaddresses: getaddrinfo failed: Name or service not known in [/var/www/MISP/app/Vendor/kamisama/php-resque-ex/lib/Resque.php, line 136]
2025-02-25 08:19:12 Warning: Redis::lPop(): php_network_getaddresses: getaddrinfo failed: Name or service not known in [/var/www/MISP/app/Vendor/kamisama/php-resque-ex/lib/Resque.php, line 136]
2025-02-25 08:19:12 Warning: Redis::lPop(): php_network_getaddresses: getaddrinfo failed: Name or service not known in [/var/www/MISP/app/Vendor/kamisama/php-resque-ex/lib/Resque.php, line 136]
2025-02-25 08:19:12 Warning: Redis::lPop(): php_network_getaddresses: getaddrinfo failed: Name or service not known in [/var/www/MISP/app/Vendor/kamisama/php-resque-ex/lib/Resque.php, line 136]
2025-02-25 08:19:12 Warning: Redis::lPop(): php_network_getaddresses: getaddrinfo failed: Name or service not known in [/var/www/MISP/app/Vendor/kamisama/php-resque-ex/lib/Resque.php, line 136]
2025-02-25 08:19:12 Warning: Redis::lPop(): php_network_getaddresses: getaddrinfo failed: Name or service not known in [/var/www/MISP/app/Vendor/kamisama/php-resque-ex/lib/Resque.php, line 136]
2025-02-25 08:19:12 Warning: Redis::lPop(): php_network_getaddresses: getaddrinfo failed: Name or service not known in [/var/www/MISP/app/Vendor/kamisama/php-resque-ex/lib/Resque.php, line 136]
2025-02-25 08:19:12 Warning: Redis::lPop(): php_network_getaddresses: getaddrinfo failed: Name or service not known in [/var/www/MISP/app/Vendor/kamisama/php-resque-ex/lib/Resque.php, line 136]
2025-02-25 08:19:12 Warning: Redis::lPop(): php_network_getaddresses: getaddrinfo failed: Name or service not known in [/var/www/MISP/app/Vendor/kamisama/php-resque-ex/lib/Resque.php, line 136]
2025-02-25 08:19:12 Warning: Redis::lPop(): php_network_getaddresses: getaddrinfo failed: Name or service not known in [/var/www/MISP/app/Vendor/kamisama/php-resque-ex/lib/Resque.php, line 136]
2025-02-25 08:19:12 Warning: Redis::lPop(): php_network_getaddresses: getaddrinfo failed: Name or service not known in [/var/www/MISP/app/Vendor/kamisama/php-resque-ex/lib/Resque.php, line 136]
2025-02-25 08:19:12 Warning: Redis::lPop(): php_network_getaddresses: getaddrinfo failed: Name or service not known in [/var/www/MISP/app/Vendor/kamisama/php-resque-ex/lib/Resque.php, line 136]
2025-02-25 08:19:12 Warning: Redis::lPop(): php_network_getaddresses: getaddrinfo failed: Name or service not known in [/var/www/MISP/app/Vendor/kamisama/php-resque-ex/lib/Resque.php, line 136]
2025-02-25 08:19:12 Warning: Redis::lPop(): php_network_getaddresses: getaddrinfo failed: Name or service not known in [/var/www/MISP/app/Vendor/kamisama/php-resque-ex/lib/Resque.php, line 136]
2025-02-25 08:19:12 Warning: Redis::lPop(): php_network_getaddresses: getaddrinfo failed: Name or service not known in [/var/www/MISP/app/Vendor/kamisama/php-resque-ex/lib/Resque.php, line 136]
2025-02-25 08:19:12 Warning: Redis::lPop(): php_network_getaddresses: getaddrinfo failed: Name or service not known in [/var/www/MISP/app/Vendor/kamisama/php-resque-ex/lib/Resque.php, line 136]
2025-02-25 08:19:12 Warning: Redis::lPop(): php_network_getaddresses: getaddrinfo failed: Name or service not known in [/var/www/MISP/app/Vendor/kamisama/php-resque-ex/lib/Resque.php, line 136]
2025-02-25 08:19:12 Warning: Redis::lPop(): php_network_getaddresses: getaddrinfo failed: Name or service not known in [/var/www/MISP/app/Vendor/kamisama/php-resque-ex/lib/Resque.php, line 136]
2025-02-25 08:19:12 Warning: Redis::lPop(): php_network_getaddresses: getaddrinfo failed: Name or service not known in [/var/www/MISP/app/Vendor/kamisama/php-resque-ex/lib/Resque.php, line 136]
2025-02-25 08:19:12 Warning: Redis::lPop(): php_network_getaddresses: getaddrinfo failed: Name or service not known in [/var/www/MISP/app/Vendor/kamisama/php-resque-ex/lib/Resque.php, line 136]
2025-02-25 08:19:12 Warning: Redis::lPop(): php_network_getaddresses: getaddrinfo failed: Name or service not known in [/var/www/MISP/app/Vendor/kamisama/php-resque-ex/lib/Resque.php, line 136]
2025-02-25 08:19:12 Warning: Redis::lPop(): php_network_getaddresses: getaddrinfo failed: Name or service not known in [/var/www/MISP/app/Vendor/kamisama/php-resque-ex/lib/Resque.php, line 136]
2025-02-25 08:19:12 Warning: Redis::lPop(): php_network_getaddresses: getaddrinfo failed: Name or service not known in [/var/www/MISP/app/Vendor/kamisama/php-resque-ex/lib/Resque.php, line 136]
2025-02-25 08:19:12 Warning: Redis::lPop(): php_network_getaddresses: getaddrinfo failed: Name or service not known in [/var/www/MISP/app/Vendor/kamisama/php-resque-ex/lib/Resque.php, line 136]
2025-02-25 08:19:12 Warning: Redis::lPop(): php_network_getaddresses: getaddrinfo failed: Name or service not known in [/var/www/MISP/app/Vendor/kamisama/php-resque-ex/lib/Resque.php, line 136]
2025-02-25 08:19:12 Warning: Redis::lPop(): php_network_getaddresses: getaddrinfo failed: Name or service not known in [/var/www/MISP/app/Vendor/kamisama/php-resque-ex/lib/Resque.php, line 136]
2025-02-25 08:19:12 Warning: Redis::lPop(): php_network_getaddresses: getaddrinfo failed: Name or service not known in [/var/www/MISP/app/Vendor/kamisama/php-resque-ex/lib/Resque.php, line 136]
2025-02-25 08:19:13 Warning: Redis::lPop(): php_network_getaddresses: getaddrinfo failed: Name or service not known in [/var/www/MISP/app/Vendor/kamisama/php-resque-ex/lib/Resque.php, line 136]
2025-02-25 08:19:13 Warning: Redis::lPop(): php_network_getaddresses: getaddrinfo failed: Name or service not known in [/var/www/MISP/app/Vendor/kamisama/php-resque-ex/lib/Resque.php, line 136]
2025-02-25 08:19:13 Warning: Redis::lPop(): php_network_getaddresses: getaddrinfo failed: Name or service not known in [/var/www/MISP/app/Vendor/kamisama/php-resque-ex/lib/Resque.php, line 136]
2025-02-25 08:19:13 Warning: Redis::lPop(): php_network_getaddresses: getaddrinfo failed: Name or service not known in [/var/www/MISP/app/Vendor/kamisama/php-resque-ex/lib/Resque.php, line 136]
2025-02-25 08:19:13 Warning: Redis::lPop(): php_network_getaddresses: getaddrinfo failed: Name or service not known in [/var/www/MISP/app/Vendor/kamisama/php-resque-ex/lib/Resque.php, line 136]
2025-02-25 08:19:13 Warning: Redis::lPop(): php_network_getaddresses: getaddrinfo failed: Name or service not known in [/var/www/MISP/app/Vendor/kamisama/php-resque-ex/lib/Resque.php, line 136]
2025-02-25 08:19:13 Warning: Redis::lPop(): php_network_getaddresses: getaddrinfo failed: Name or service not known in [/var/www/MISP/app/Vendor/kamisama/php-resque-ex/lib/Resque.php, line 136]
2025-02-25 08:19:13 Warning: Redis::lPop(): php_network_getaddresses: getaddrinfo failed: Name or service not known in [/var/www/MISP/app/Vendor/kamisama/php-resque-ex/lib/Resque.php, line 136]
2025-02-25 08:19:13 Warning: Redis::lPop(): php_network_getaddresses: getaddrinfo failed: Name or service not known in [/var/www/MISP/app/Vendor/kamisama/php-resque-ex/lib/Resque.php, line 136]
2025-02-25 08:19:13 Warning: Redis::lPop(): php_network_getaddresses: getaddrinfo failed: Name or service not known in [/var/www/MISP/app/Vendor/kamisama/php-resque-ex/lib/Resque.php, line 136]
2025-02-25 08:19:13 Warning: Redis::lPop(): php_network_getaddresses: getaddrinfo failed: Name or service not known in [/var/www/MISP/app/Vendor/kamisama/php-resque-ex/lib/Resque.php, line 136]
2025-02-25 08:19:13 Warning: Redis::lPop(): php_network_getaddresses: getaddrinfo failed: Name or service not known in [/var/www/MISP/app/Vendor/kamisama/php-resque-ex/lib/Resque.php, line 136]
2025-02-25 08:19:13 Warning: Redis::lPop(): php_network_getaddresses: getaddrinfo failed: Name or service not known in [/var/www/MISP/app/Vendor/kamisama/php-resque-ex/lib/Resque.php, line 136]
2025-02-25 08:19:13 Warning: Redis::lPop(): php_network_getaddresses: getaddrinfo failed: Name or service not known in [/var/www/MISP/app/Vendor/kamisama/php-resque-ex/lib/Resque.php, line 136]
2025-02-25 08:19:13 Warning: Redis::lPop(): php_network_getaddresses: getaddrinfo failed: Name or service not known in [/var/www/MISP/app/Vendor/kamisama/php-resque-ex/lib/Resque.php, line 136]
2025-02-25 08:19:13 Warning: Redis::lPop(): php_network_getaddresses: getaddrinfo failed: Name or service not known in [/var/www/MISP/app/Vendor/kamisama/php-resque-ex/lib/Resque.php, line 136]
2025-02-25 08:19:13 Warning: Redis::lPop(): php_network_getaddresses: getaddrinfo failed: Name or service not known in [/var/www/MISP/app/Vendor/kamisama/php-resque-ex/lib/Resque.php, line 136]
2025-02-25 08:19:13 Warning: Redis::lPop(): php_network_getaddresses: getaddrinfo failed: Name or service not known in [/var/www/MISP/app/Vendor/kamisama/php-resque-ex/lib/Resque.php, line 136]
2025-02-25 08:19:13 Warning: Redis::lPop(): php_network_getaddresses: getaddrinfo failed: Name or service not known in [/var/www/MISP/app/Vendor/kamisama/php-resque-ex/lib/Resque.php, line 136]
2025-02-25 09:11:45 Error: Exception during sending e-mail
[SendEmailException] GPG signing is enabled, but GPG is not initialized. Check debug log why GPG could not be initialized.
Stack Trace:
#0 /var/www/MISP/app/Model/User.php(862): SendEmail->sendToUser()
#1 /var/www/MISP/app/Model/User.php(983): User->sendEmail()
#2 /var/www/MISP/app/Controller/UsersController.php(770): User->initiatePasswordReset()
#3 [internal function]: UsersController->admin_add()
#4 /var/www/MISP/app/Lib/cakephp/lib/Cake/Controller/Controller.php(499): ReflectionMethod->invokeArgs()
#5 /var/www/MISP/app/Lib/cakephp/lib/Cake/Routing/Dispatcher.php(193): Controller->invokeAction()
#6 /var/www/MISP/app/Lib/cakephp/lib/Cake/Routing/Dispatcher.php(167): Dispatcher->_invoke()
#7 /var/www/MISP/app/webroot/index.php(99): Dispatcher->dispatch()
#8 {main}
2025-02-25 09:26:27 Error: Exception during sending e-mail
[SendEmailException] GPG signing is enabled, but GPG is not initialized. Check debug log why GPG could not be initialized.
Stack Trace:
#0 /var/www/MISP/app/Model/User.php(862): SendEmail->sendToUser()
#1 /var/www/MISP/app/Model/User.php(1229): User->sendEmail()
#2 /var/www/MISP/app/Model/User.php(1156): User->resetauthkey()
#3 /var/www/MISP/app/Console/Command/AdminShell.php(741): User->resetAllSyncAuthKeys()
#4 /var/www/MISP/app/Console/Command/AppShell.php(48): AdminShell->resetSyncAuthkeys()
#5 /var/www/MISP/app/Vendor/kamisama/php-resque-ex/lib/Resque/Job.php(199): AppShell->perform()
#6 /var/www/MISP/app/Vendor/kamisama/php-resque-ex/lib/Resque/Worker.php(278): Resque_Job->perform()
#7 /var/www/MISP/app/Vendor/kamisama/php-resque-ex/lib/Resque/Worker.php(241): Resque_Worker->perform()
#8 /var/www/MISP/app/Vendor/kamisama/php-resque-ex/bin/resque(109): Resque_Worker->work()
#9 /var/www/MISP/app/Vendor/kamisama/php-resque-ex/bin/resque(100): startWorker()
#10 {main}
2025-02-25 10:47:41 Warning: Redis::lPop(): php_network_getaddresses: getaddrinfo failed: Name or service not known in [/var/www/MISP/app/Vendor/kamisama/php-resque-ex/lib/Resque.php, line 136]
2025-02-25 10:47:41 Warning: Redis::lPop(): php_network_getaddresses: getaddrinfo failed: Name or service not known in [/var/www/MISP/app/Vendor/kamisama/php-resque-ex/lib/Resque.php, line 136]
2025-02-25 10:47:42 Warning: Redis::lPop(): php_network_getaddresses: getaddrinfo failed: Name or service not known in [/var/www/MISP/app/Vendor/kamisama/php-resque-ex/lib/Resque.php, line 136]
2025-02-25 10:47:42 Warning: Redis::lPop(): php_network_getaddresses: getaddrinfo failed: Name or service not known in [/var/www/MISP/app/Vendor/kamisama/php-resque-ex/lib/Resque.php, line 136]
2025-02-25 10:47:42 Warning: Redis::lPop(): php_network_getaddresses: getaddrinfo failed: Name or service not known in [/var/www/MISP/app/Vendor/kamisama/php-resque-ex/lib/Resque.php, line 136]
2025-02-25 10:47:42 Warning: Redis::lPop(): php_network_getaddresses: getaddrinfo failed: Name or service not known in [/var/www/MISP/app/Vendor/kamisama/php-resque-ex/lib/Resque.php, line 136]
2025-02-25 10:47:42 Warning: Redis::lPop(): php_network_getaddresses: getaddrinfo failed: Name or service not known in [/var/www/MISP/app/Vendor/kamisama/php-resque-ex/lib/Resque.php, line 136]
2025-02-25 10:47:42 Warning: Redis::lPop(): php_network_getaddresses: getaddrinfo failed: Name or service not known in [/var/www/MISP/app/Vendor/kamisama/php-resque-ex/lib/Resque.php, line 136]
2025-02-25 10:47:42 Warning: Redis::lPop(): php_network_getaddresses: getaddrinfo failed: Name or service not known in [/var/www/MISP/app/Vendor/kamisama/php-resque-ex/lib/Resque.php, line 136]
2025-02-25 10:47:42 Warning: Redis::lPop(): php_network_getaddresses: getaddrinfo failed: Name or service not known in [/var/www/MISP/app/Vendor/kamisama/php-resque-ex/lib/Resque.php, line 136]
2025-02-25 10:47:42 Warning: Redis::lPop(): php_network_getaddresses: getaddrinfo failed: Name or service not known in [/var/www/MISP/app/Vendor/kamisama/php-resque-ex/lib/Resque.php, line 136]
2025-02-25 10:47:42 Warning: Redis::lPop(): php_network_getaddresses: getaddrinfo failed: Name or service not known in [/var/www/MISP/app/Vendor/kamisama/php-resque-ex/lib/Resque.php, line 136]
2025-02-25 10:47:42 Warning: Redis::lPop(): php_network_getaddresses: getaddrinfo failed: Name or service not known in [/var/www/MISP/app/Vendor/kamisama/php-resque-ex/lib/Resque.php, line 136]
2025-02-25 10:47:42 Warning: Redis::lPop(): php_network_getaddresses: getaddrinfo failed: Name or service not known in [/var/www/MISP/app/Vendor/kamisama/php-resque-ex/lib/Resque.php, line 136]
2025-02-25 10:47:42 Warning: Redis::lPop(): php_network_getaddresses: getaddrinfo failed: Name or service not known in [/var/www/MISP/app/Vendor/kamisama/php-resque-ex/lib/Resque.php, line 136]
2025-02-25 10:47:42 Warning: Redis::lPop(): php_network_getaddresses: getaddrinfo failed: Name or service not known in [/var/www/MISP/app/Vendor/kamisama/php-resque-ex/lib/Resque.php, line 136]
2025-02-25 10:47:42 Warning: Redis::lPop(): php_network_getaddresses: getaddrinfo failed: Name or service not known in [/var/www/MISP/app/Vendor/kamisama/php-resque-ex/lib/Resque.php, line 136]
2025-02-25 10:47:42 Warning: Redis::lPop(): php_network_getaddresses: getaddrinfo failed: Name or service not known in [/var/www/MISP/app/Vendor/kamisama/php-resque-ex/lib/Resque.php, line 136]
2025-02-25 10:47:42 Warning: Redis::lPop(): php_network_getaddresses: getaddrinfo failed: Name or service not known in [/var/www/MISP/app/Vendor/kamisama/php-resque-ex/lib/Resque.php, line 136]
2025-02-25 10:47:42 Warning: Redis::lPop(): php_network_getaddresses: getaddrinfo failed: Name or service not known in [/var/www/MISP/app/Vendor/kamisama/php-resque-ex/lib/Resque.php, line 136]
2025-02-25 10:47:42 Warning: Redis::lPop(): php_network_getaddresses: getaddrinfo failed: Name or service not known in [/var/www/MISP/app/Vendor/kamisama/php-resque-ex/lib/Resque.php, line 136]
2025-02-25 10:47:42 Warning: Redis::lPop(): php_network_getaddresses: getaddrinfo failed: Name or service not known in [/var/www/MISP/app/Vendor/kamisama/php-resque-ex/lib/Resque.php, line 136]
2025-02-25 10:47:42 Warning: Redis::lPop(): php_network_getaddresses: getaddrinfo failed: Name or service not known in [/var/www/MISP/app/Vendor/kamisama/php-resque-ex/lib/Resque.php, line 136]
2025-02-25 10:47:42 Warning: Redis::lPop(): php_network_getaddresses: getaddrinfo failed: Name or service not known in [/var/www/MISP/app/Vendor/kamisama/php-resque-ex/lib/Resque.php, line 136]
2025-02-25 10:47:42 Warning: Redis::lPop(): php_network_getaddresses: getaddrinfo failed: Name or service not known in [/var/www/MISP/app/Vendor/kamisama/php-resque-ex/lib/Resque.php, line 136]
2025-02-25 10:47:42 Warning: Redis::lPop(): php_network_getaddresses: getaddrinfo failed: Name or service not known in [/var/www/MISP/app/Vendor/kamisama/php-resque-ex/lib/Resque.php, line 136]
2025-02-25 10:47:42 Warning: Redis::lPop(): php_network_getaddresses: getaddrinfo failed: Name or service not known in [/var/www/MISP/app/Vendor/kamisama/php-resque-ex/lib/Resque.php, line 136]
2025-02-25 10:47:42 Warning: Redis::lPop(): php_network_getaddresses: getaddrinfo failed: Name or service not known in [/var/www/MISP/app/Vendor/kamisama/php-resque-ex/lib/Resque.php, line 136]
2025-02-25 10:47:42 Warning: Redis::lPop(): php_network_getaddresses: getaddrinfo failed: Name or service not known in [/var/www/MISP/app/Vendor/kamisama/php-resque-ex/lib/Resque.php, line 136]
2025-02-25 10:47:42 Warning: Redis::lPop(): php_network_getaddresses: getaddrinfo failed: Name or service not known in [/var/www/MISP/app/Vendor/kamisama/php-resque-ex/lib/Resque.php, line 136]
2025-02-25 10:47:43 Warning: Redis::zRangeByScore(): php_network_getaddresses: getaddrinfo failed: Name or service not known in [/var/www/MISP/app/Vendor/kamisama/php-resque-ex-scheduler/lib/ResqueScheduler/ResqueScheduler.php, line 248]
2025-02-25 10:47:43 Warning: Redis::zRangeByScore(): php_network_getaddresses: getaddrinfo failed: Name or service not known in [/var/www/MISP/app/Vendor/kamisama/php-resque-ex-scheduler/lib/ResqueScheduler/ResqueScheduler.php, line 248]
2025-02-25 10:47:43 Warning: Redis::zRangeByScore(): php_network_getaddresses: getaddrinfo failed: Name or service not known in [/var/www/MISP/app/Vendor/kamisama/php-resque-ex-scheduler/lib/ResqueScheduler/ResqueScheduler.php, line 248]
2025-02-25 10:47:43 Warning: Redis::zRangeByScore(): php_network_getaddresses: getaddrinfo failed: Name or service not known in [/var/www/MISP/app/Vendor/kamisama/php-resque-ex-scheduler/lib/ResqueScheduler/ResqueScheduler.php, line 248]
2025-02-25 10:47:43 Warning: Redis::zRangeByScore(): php_network_getaddresses: getaddrinfo failed: Name or service not known in [/var/www/MISP/app/Vendor/kamisama/php-resque-ex-scheduler/lib/ResqueScheduler/ResqueScheduler.php, line 248]
2025-02-25 10:47:43 Warning: Redis::zRangeByScore(): php_network_getaddresses: getaddrinfo failed: Name or service not known in [/var/www/MISP/app/Vendor/kamisama/php-resque-ex-scheduler/lib/ResqueScheduler/ResqueScheduler.php, line 248]
2025-02-25 10:47:43 Warning: Redis::zRangeByScore(): php_network_getaddresses: getaddrinfo failed: Name or service not known in [/var/www/MISP/app/Vendor/kamisama/php-resque-ex-scheduler/lib/ResqueScheduler/ResqueScheduler.php, line 248]
2025-02-25 10:47:43 Warning: Redis::zRangeByScore(): php_network_getaddresses: getaddrinfo failed: Name or service not known in [/var/www/MISP/app/Vendor/kamisama/php-resque-ex-scheduler/lib/ResqueScheduler/ResqueScheduler.php, line 248]
2025-02-25 10:47:43 Warning: Redis::zRangeByScore(): php_network_getaddresses: getaddrinfo failed: Name or service not known in [/var/www/MISP/app/Vendor/kamisama/php-resque-ex-scheduler/lib/ResqueScheduler/ResqueScheduler.php, line 248]
2025-02-25 10:47:43 Warning: Redis::lPop(): php_network_getaddresses: getaddrinfo failed: Name or service not known in [/var/www/MISP/app/Vendor/kamisama/php-resque-ex/lib/Resque.php, line 136]
2025-02-25 10:47:43 Warning: Redis::zRangeByScore(): php_network_getaddresses: getaddrinfo failed: Name or service not known in [/var/www/MISP/app/Vendor/kamisama/php-resque-ex-scheduler/lib/ResqueScheduler/ResqueScheduler.php, line 248]
2025-02-25 10:47:43 Warning: Redis::lPop(): php_network_getaddresses: getaddrinfo failed: Name or service not known in [/var/www/MISP/app/Vendor/kamisama/php-resque-ex/lib/Resque.php, line 136]
2025-02-25 10:47:43 Warning: Redis::lPop(): php_network_getaddresses: getaddrinfo failed: Name or service not known in [/var/www/MISP/app/Vendor/kamisama/php-resque-ex/lib/Resque.php, line 136]
2025-02-25 10:47:43 Warning: Redis::lPop(): php_network_getaddresses: getaddrinfo failed: Name or service not known in [/var/www/MISP/app/Vendor/kamisama/php-resque-ex/lib/Resque.php, line 136]
2025-02-25 10:47:43 Warning: Redis::lPop(): php_network_getaddresses: getaddrinfo failed: Name or service not known in [/var/www/MISP/app/Vendor/kamisama/php-resque-ex/lib/Resque.php, line 136]
2025-02-25 10:47:43 Warning: Redis::lPop(): php_network_getaddresses: getaddrinfo failed: Name or service not known in [/var/www/MISP/app/Vendor/kamisama/php-resque-ex/lib/Resque.php, line 136]
2025-02-25 10:47:43 Warning: Redis::lPop(): php_network_getaddresses: getaddrinfo failed: Name or service not known in [/var/www/MISP/app/Vendor/kamisama/php-resque-ex/lib/Resque.php, line 136]
2025-02-25 10:47:43 Warning: Redis::lPop(): php_network_getaddresses: getaddrinfo failed: Name or service not known in [/var/www/MISP/app/Vendor/kamisama/php-resque-ex/lib/Resque.php, line 136]
2025-02-25 10:47:43 Warning: Redis::lPop(): php_network_getaddresses: getaddrinfo failed: Name or service not known in [/var/www/MISP/app/Vendor/kamisama/php-resque-ex/lib/Resque.php, line 136]
2025-02-25 10:47:43 Warning: Redis::lPop(): php_network_getaddresses: getaddrinfo failed: Name or service not known in [/var/www/MISP/app/Vendor/kamisama/php-resque-ex/lib/Resque.php, line 136]
2025-02-25 10:47:43 Warning: Redis::lPop(): php_network_getaddresses: getaddrinfo failed: Name or service not known in [/var/www/MISP/app/Vendor/kamisama/php-resque-ex/lib/Resque.php, line 136]
2025-02-25 10:47:43 Warning: Redis::lPop(): php_network_getaddresses: getaddrinfo failed: Name or service not known in [/var/www/MISP/app/Vendor/kamisama/php-resque-ex/lib/Resque.php, line 136]
2025-02-25 10:47:43 Warning: Redis::lPop(): php_network_getaddresses: getaddrinfo failed: Name or service not known in [/var/www/MISP/app/Vendor/kamisama/php-resque-ex/lib/Resque.php, line 136]
2025-02-25 10:47:43 Warning: Redis::lPop(): php_network_getaddresses: getaddrinfo failed: Name or service not known in [/var/www/MISP/app/Vendor/kamisama/php-resque-ex/lib/Resque.php, line 136]
2025-02-25 10:47:43 Warning: Redis::lPop(): php_network_getaddresses: getaddrinfo failed: Name or service not known in [/var/www/MISP/app/Vendor/kamisama/php-resque-ex/lib/Resque.php, line 136]
2025-02-25 10:47:43 Warning: Redis::lPop(): php_network_getaddresses: getaddrinfo failed: Name or service not known in [/var/www/MISP/app/Vendor/kamisama/php-resque-ex/lib/Resque.php, line 136]
2025-02-25 10:47:43 Warning: Redis::lPop(): php_network_getaddresses: getaddrinfo failed: Name or service not known in [/var/www/MISP/app/Vendor/kamisama/php-resque-ex/lib/Resque.php, line 136]
2025-02-25 10:47:43 Warning: Redis::lPop(): php_network_getaddresses: getaddrinfo failed: Name or service not known in [/var/www/MISP/app/Vendor/kamisama/php-resque-ex/lib/Resque.php, line 136]
2025-02-25 10:47:43 Warning: Redis::lPop(): php_network_getaddresses: getaddrinfo failed: Name or service not known in [/var/www/MISP/app/Vendor/kamisama/php-resque-ex/lib/Resque.php, line 136]
2025-02-25 10:47:43 Warning: Redis::lPop(): php_network_getaddresses: getaddrinfo failed: Name or service not known in [/var/www/MISP/app/Vendor/kamisama/php-resque-ex/lib/Resque.php, line 136]
2025-02-25 10:51:46 Warning: Redis::lPop(): php_network_getaddresses: getaddrinfo failed: Name or service not known in [/var/www/MISP/app/Vendor/kamisama/php-resque-ex/lib/Resque.php, line 136]
2025-02-25 10:51:46 Warning: Redis::lPop(): php_network_getaddresses: getaddrinfo failed: Name or service not known in [/var/www/MISP/app/Vendor/kamisama/php-resque-ex/lib/Resque.php, line 136]
2025-02-25 10:51:46 Warning: Redis::lPop(): php_network_getaddresses: getaddrinfo failed: Name or service not known in [/var/www/MISP/app/Vendor/kamisama/php-resque-ex/lib/Resque.php, line 136]
2025-02-25 10:51:46 Warning: Redis::lPop(): php_network_getaddresses: getaddrinfo failed: Name or service not known in [/var/www/MISP/app/Vendor/kamisama/php-resque-ex/lib/Resque.php, line 136]
2025-02-25 10:51:46 Warning: Redis::lPop(): php_network_getaddresses: getaddrinfo failed: Name or service not known in [/var/www/MISP/app/Vendor/kamisama/php-resque-ex/lib/Resque.php, line 136]
2025-02-25 10:51:46 Warning: Redis::lPop(): php_network_getaddresses: getaddrinfo failed: Name or service not known in [/var/www/MISP/app/Vendor/kamisama/php-resque-ex/lib/Resque.php, line 136]
2025-02-25 10:51:46 Warning: Redis::lPop(): php_network_getaddresses: getaddrinfo failed: Name or service not known in [/var/www/MISP/app/Vendor/kamisama/php-resque-ex/lib/Resque.php, line 136]
2025-02-25 10:51:46 Warning: Redis::lPop(): php_network_getaddresses: getaddrinfo failed: Name or service not known in [/var/www/MISP/app/Vendor/kamisama/php-resque-ex/lib/Resque.php, line 136]
2025-02-25 10:51:46 Warning: Redis::lPop(): php_network_getaddresses: getaddrinfo failed: Name or service not known in [/var/www/MISP/app/Vendor/kamisama/php-resque-ex/lib/Resque.php, line 136]
2025-02-25 10:51:46 Warning: Redis::lPop(): php_network_getaddresses: getaddrinfo failed: Name or service not known in [/var/www/MISP/app/Vendor/kamisama/php-resque-ex/lib/Resque.php, line 136]
2025-02-25 10:51:46 Warning: Redis::lPop(): php_network_getaddresses: getaddrinfo failed: Name or service not known in [/var/www/MISP/app/Vendor/kamisama/php-resque-ex/lib/Resque.php, line 136]
2025-02-25 10:51:46 Warning: Redis::lPop(): php_network_getaddresses: getaddrinfo failed: Name or service not known in [/var/www/MISP/app/Vendor/kamisama/php-resque-ex/lib/Resque.php, line 136]
2025-02-25 10:51:46 Warning: Redis::lPop(): php_network_getaddresses: getaddrinfo failed: Name or service not known in [/var/www/MISP/app/Vendor/kamisama/php-resque-ex/lib/Resque.php, line 136]
2025-02-25 10:51:46 Warning: Redis::lPop(): php_network_getaddresses: getaddrinfo failed: Name or service not known in [/var/www/MISP/app/Vendor/kamisama/php-resque-ex/lib/Resque.php, line 136]
2025-02-25 10:51:46 Warning: Redis::lPop(): php_network_getaddresses: getaddrinfo failed: Name or service not known in [/var/www/MISP/app/Vendor/kamisama/php-resque-ex/lib/Resque.php, line 136]
2025-02-25 10:51:46 Warning: Redis::lPop(): php_network_getaddresses: getaddrinfo failed: Name or service not known in [/var/www/MISP/app/Vendor/kamisama/php-resque-ex/lib/Resque.php, line 136]
2025-02-25 10:51:46 Warning: Redis::lPop(): php_network_getaddresses: getaddrinfo failed: Name or service not known in [/var/www/MISP/app/Vendor/kamisama/php-resque-ex/lib/Resque.php, line 136]
2025-02-25 10:51:46 Warning: Redis::lPop(): php_network_getaddresses: getaddrinfo failed: Name or service not known in [/var/www/MISP/app/Vendor/kamisama/php-resque-ex/lib/Resque.php, line 136]
2025-02-25 10:51:46 Warning: Redis::lPop(): php_network_getaddresses: getaddrinfo failed: Name or service not known in [/var/www/MISP/app/Vendor/kamisama/php-resque-ex/lib/Resque.php, line 136]
2025-02-25 10:51:46 Warning: Redis::lPop(): php_network_getaddresses: getaddrinfo failed: Name or service not known in [/var/www/MISP/app/Vendor/kamisama/php-resque-ex/lib/Resque.php, line 136]
2025-02-25 10:51:47 Warning: Redis::lPop(): php_network_getaddresses: getaddrinfo failed: Name or service not known in [/var/www/MISP/app/Vendor/kamisama/php-resque-ex/lib/Resque.php, line 136]
2025-02-25 10:51:47 Warning: Redis::lPop(): php_network_getaddresses: getaddrinfo failed: Name or service not known in [/var/www/MISP/app/Vendor/kamisama/php-resque-ex/lib/Resque.php, line 136]
2025-02-25 10:51:47 Warning: Redis::lPop(): php_network_getaddresses: getaddrinfo failed: Name or service not known in [/var/www/MISP/app/Vendor/kamisama/php-resque-ex/lib/Resque.php, line 136]
2025-02-25 10:51:47 Warning: Redis::lPop(): php_network_getaddresses: getaddrinfo failed: Name or service not known in [/var/www/MISP/app/Vendor/kamisama/php-resque-ex/lib/Resque.php, line 136]
2025-02-25 10:51:47 Warning: Redis::lPop(): php_network_getaddresses: getaddrinfo failed: Name or service not known in [/var/www/MISP/app/Vendor/kamisama/php-resque-ex/lib/Resque.php, line 136]
2025-02-25 10:51:47 Warning: Redis::lPop(): php_network_getaddresses: getaddrinfo failed: Name or service not known in [/var/www/MISP/app/Vendor/kamisama/php-resque-ex/lib/Resque.php, line 136]
2025-02-25 10:51:47 Warning: Redis::lPop(): php_network_getaddresses: getaddrinfo failed: Name or service not known in [/var/www/MISP/app/Vendor/kamisama/php-resque-ex/lib/Resque.php, line 136]
2025-02-25 10:51:47 Warning: Redis::lPop(): php_network_getaddresses: getaddrinfo failed: Name or service not known in [/var/www/MISP/app/Vendor/kamisama/php-resque-ex/lib/Resque.php, line 136]
2025-02-25 10:51:47 Warning: Redis::lPop(): php_network_getaddresses: getaddrinfo failed: Name or service not known in [/var/www/MISP/app/Vendor/kamisama/php-resque-ex/lib/Resque.php, line 136]
2025-02-25 10:51:47 Warning: Redis::lPop(): php_network_getaddresses: getaddrinfo failed: Name or service not known in [/var/www/MISP/app/Vendor/kamisama/php-resque-ex/lib/Resque.php, line 136]
2025-02-25 10:51:47 Warning: Redis::lPop(): php_network_getaddresses: getaddrinfo failed: Name or service not known in [/var/www/MISP/app/Vendor/kamisama/php-resque-ex/lib/Resque.php, line 136]
2025-02-25 10:51:47 Warning: Redis::lPop(): php_network_getaddresses: getaddrinfo failed: Name or service not known in [/var/www/MISP/app/Vendor/kamisama/php-resque-ex/lib/Resque.php, line 136]
2025-02-25 10:51:47 Warning: Redis::lPop(): php_network_getaddresses: getaddrinfo failed: Name or service not known in [/var/www/MISP/app/Vendor/kamisama/php-resque-ex/lib/Resque.php, line 136]
2025-02-25 10:51:47 Warning: Redis::lPop(): php_network_getaddresses: getaddrinfo failed: Name or service not known in [/var/www/MISP/app/Vendor/kamisama/php-resque-ex/lib/Resque.php, line 136]
2025-02-25 10:51:47 Warning: Redis::lPop(): php_network_getaddresses: getaddrinfo failed: Name or service not known in [/var/www/MISP/app/Vendor/kamisama/php-resque-ex/lib/Resque.php, line 136]
2025-02-25 10:51:47 Warning: Redis::lPop(): php_network_getaddresses: getaddrinfo failed: Name or service not known in [/var/www/MISP/app/Vendor/kamisama/php-resque-ex/lib/Resque.php, line 136]
2025-02-25 10:51:47 Warning: Redis::lPop(): php_network_getaddresses: getaddrinfo failed: Name or service not known in [/var/www/MISP/app/Vendor/kamisama/php-resque-ex/lib/Resque.php, line 136]
2025-02-25 10:51:47 Warning: Redis::lPop(): php_network_getaddresses: getaddrinfo failed: Name or service not known in [/var/www/MISP/app/Vendor/kamisama/php-resque-ex/lib/Resque.php, line 136]
2025-02-25 10:51:47 Warning: Redis::lPop(): php_network_getaddresses: getaddrinfo failed: Name or service not known in [/var/www/MISP/app/Vendor/kamisama/php-resque-ex/lib/Resque.php, line 136]
2025-02-25 10:51:47 Warning: Redis::lPop(): php_network_getaddresses: getaddrinfo failed: Name or service not known in [/var/www/MISP/app/Vendor/kamisama/php-resque-ex/lib/Resque.php, line 136]
2025-02-25 10:51:47 Warning: Redis::lPop(): php_network_getaddresses: getaddrinfo failed: Name or service not known in [/var/www/MISP/app/Vendor/kamisama/php-resque-ex/lib/Resque.php, line 136]
2025-02-25 10:51:47 Warning: Redis::lPop(): php_network_getaddresses: getaddrinfo failed: Name or service not known in [/var/www/MISP/app/Vendor/kamisama/php-resque-ex/lib/Resque.php, line 136]
2025-02-25 10:51:47 Warning: Redis::lPop(): php_network_getaddresses: getaddrinfo failed: Name or service not known in [/var/www/MISP/app/Vendor/kamisama/php-resque-ex/lib/Resque.php, line 136]
2025-02-25 10:51:47 Warning: Redis::lPop(): php_network_getaddresses: getaddrinfo failed: Name or service not known in [/var/www/MISP/app/Vendor/kamisama/php-resque-ex/lib/Resque.php, line 136]
2025-02-25 10:51:47 Warning: Redis::lPop(): php_network_getaddresses: getaddrinfo failed: Name or service not known in [/var/www/MISP/app/Vendor/kamisama/php-resque-ex/lib/Resque.php, line 136]
2025-02-25 10:51:47 Warning: Redis::lPop(): php_network_getaddresses: getaddrinfo failed: Name or service not known in [/var/www/MISP/app/Vendor/kamisama/php-resque-ex/lib/Resque.php, line 136]
2025-02-25 10:51:47 Warning: Redis::lPop(): php_network_getaddresses: getaddrinfo failed: Name or service not known in [/var/www/MISP/app/Vendor/kamisama/php-resque-ex/lib/Resque.php, line 136]
2025-02-25 10:51:47 Warning: Redis::lPop(): php_network_getaddresses: getaddrinfo failed: Name or service not known in [/var/www/MISP/app/Vendor/kamisama/php-resque-ex/lib/Resque.php, line 136]
2025-02-25 10:51:47 Warning: Redis::lPop(): php_network_getaddresses: getaddrinfo failed: Name or service not known in [/var/www/MISP/app/Vendor/kamisama/php-resque-ex/lib/Resque.php, line 136]
2025-02-25 10:51:47 Warning: Redis::lPop(): php_network_getaddresses: getaddrinfo failed: Name or service not known in [/var/www/MISP/app/Vendor/kamisama/php-resque-ex/lib/Resque.php, line 136]
2025-02-25 10:51:48 Warning: Redis::zRangeByScore(): php_network_getaddresses: getaddrinfo failed: Name or service not known in [/var/www/MISP/app/Vendor/kamisama/php-resque-ex-scheduler/lib/ResqueScheduler/ResqueScheduler.php, line 248]
2025-02-25 10:51:48 Warning: Redis::zRangeByScore(): php_network_getaddresses: getaddrinfo failed: Name or service not known in [/var/www/MISP/app/Vendor/kamisama/php-resque-ex-scheduler/lib/ResqueScheduler/ResqueScheduler.php, line 248]
2025-02-25 10:51:48 Warning: Redis::zRangeByScore(): php_network_getaddresses: getaddrinfo failed: Name or service not known in [/var/www/MISP/app/Vendor/kamisama/php-resque-ex-scheduler/lib/ResqueScheduler/ResqueScheduler.php, line 248]
2025-02-25 10:51:48 Warning: Redis::zRangeByScore(): php_network_getaddresses: getaddrinfo failed: Name or service not known in [/var/www/MISP/app/Vendor/kamisama/php-resque-ex-scheduler/lib/ResqueScheduler/ResqueScheduler.php, line 248]
2025-02-25 10:51:48 Warning: Redis::zRangeByScore(): php_network_getaddresses: getaddrinfo failed: Name or service not known in [/var/www/MISP/app/Vendor/kamisama/php-resque-ex-scheduler/lib/ResqueScheduler/ResqueScheduler.php, line 248]
2025-02-25 10:51:48 Warning: Redis::zRangeByScore(): php_network_getaddresses: getaddrinfo failed: Name or service not known in [/var/www/MISP/app/Vendor/kamisama/php-resque-ex-scheduler/lib/ResqueScheduler/ResqueScheduler.php, line 248]
2025-02-25 10:51:48 Warning: Redis::zRangeByScore(): php_network_getaddresses: getaddrinfo failed: Name or service not known in [/var/www/MISP/app/Vendor/kamisama/php-resque-ex-scheduler/lib/ResqueScheduler/ResqueScheduler.php, line 248]
2025-02-25 10:51:48 Warning: Redis::zRangeByScore(): php_network_getaddresses: getaddrinfo failed: Name or service not known in [/var/www/MISP/app/Vendor/kamisama/php-resque-ex-scheduler/lib/ResqueScheduler/ResqueScheduler.php, line 248]
2025-02-25 10:51:48 Warning: Redis::zRangeByScore(): php_network_getaddresses: getaddrinfo failed: Name or service not known in [/var/www/MISP/app/Vendor/kamisama/php-resque-ex-scheduler/lib/ResqueScheduler/ResqueScheduler.php, line 248]
2025-02-25 10:51:48 Warning: Redis::zRangeByScore(): php_network_getaddresses: getaddrinfo failed: Name or service not known in [/var/www/MISP/app/Vendor/kamisama/php-resque-ex-scheduler/lib/ResqueScheduler/ResqueScheduler.php, line 248]
2025-02-26 10:28:29 Error: Exception during sending e-mail
[SendEmailException] GPG signing is enabled, but GPG is not initialized. Check debug log why GPG could not be initialized.
Stack Trace:
#0 /var/www/MISP/app/Model/User.php(862): SendEmail->sendToUser()
#1 /var/www/MISP/app/Model/User.php(983): User->sendEmail()
#2 /var/www/MISP/app/Controller/UsersController.php(1760): User->initiatePasswordReset()
#3 [internal function]: UsersController->initiatePasswordReset()
#4 /var/www/MISP/app/Lib/cakephp/lib/Cake/Controller/Controller.php(499): ReflectionMethod->invokeArgs()
#5 /var/www/MISP/app/Lib/cakephp/lib/Cake/Routing/Dispatcher.php(193): Controller->invokeAction()
#6 /var/www/MISP/app/Lib/cakephp/lib/Cake/Routing/Dispatcher.php(167): Dispatcher->_invoke()
#7 /var/www/MISP/app/webroot/index.php(99): Dispatcher->dispatch()
#8 {main}
2025-02-26 10:28:38 Error: Exception during sending e-mail
[SendEmailException] GPG signing is enabled, but GPG is not initialized. Check debug log why GPG could not be initialized.
Stack Trace:
#0 /var/www/MISP/app/Model/User.php(862): SendEmail->sendToUser()
#1 /var/www/MISP/app/Model/User.php(983): User->sendEmail()
#2 /var/www/MISP/app/Controller/UsersController.php(1760): User->initiatePasswordReset()
#3 [internal function]: UsersController->initiatePasswordReset()
#4 /var/www/MISP/app/Lib/cakephp/lib/Cake/Controller/Controller.php(499): ReflectionMethod->invokeArgs()
#5 /var/www/MISP/app/Lib/cakephp/lib/Cake/Routing/Dispatcher.php(193): Controller->invokeAction()
#6 /var/www/MISP/app/Lib/cakephp/lib/Cake/Routing/Dispatcher.php(167): Dispatcher->_invoke()
#7 /var/www/MISP/app/webroot/index.php(99): Dispatcher->dispatch()
#8 {main}
2025-02-26 11:22:45 Warning: Redis::zRangeByScore(): php_network_getaddresses: getaddrinfo failed: Name or service not known in [/var/www/MISP/app/Vendor/kamisama/php-resque-ex-scheduler/lib/ResqueScheduler/ResqueScheduler.php, line 248]
2025-02-26 11:22:45 Warning: Redis::zRangeByScore(): php_network_getaddresses: getaddrinfo failed: Name or service not known in [/var/www/MISP/app/Vendor/kamisama/php-resque-ex-scheduler/lib/ResqueScheduler/ResqueScheduler.php, line 248]
2025-02-26 11:22:45 Warning: Redis::zRangeByScore(): php_network_getaddresses: getaddrinfo failed: Name or service not known in [/var/www/MISP/app/Vendor/kamisama/php-resque-ex-scheduler/lib/ResqueScheduler/ResqueScheduler.php, line 248]
2025-02-26 11:22:45 Warning: Redis::zRangeByScore(): php_network_getaddresses: getaddrinfo failed: Name or service not known in [/var/www/MISP/app/Vendor/kamisama/php-resque-ex-scheduler/lib/ResqueScheduler/ResqueScheduler.php, line 248]
2025-02-26 11:22:45 Warning: Redis::zRangeByScore(): php_network_getaddresses: getaddrinfo failed: Name or service not known in [/var/www/MISP/app/Vendor/kamisama/php-resque-ex-scheduler/lib/ResqueScheduler/ResqueScheduler.php, line 248]
2025-02-26 11:22:45 Warning: Redis::zRangeByScore(): php_network_getaddresses: getaddrinfo failed: Name or service not known in [/var/www/MISP/app/Vendor/kamisama/php-resque-ex-scheduler/lib/ResqueScheduler/ResqueScheduler.php, line 248]
2025-02-26 11:22:45 Warning: Redis::zRangeByScore(): php_network_getaddresses: getaddrinfo failed: Name or service not known in [/var/www/MISP/app/Vendor/kamisama/php-resque-ex-scheduler/lib/ResqueScheduler/ResqueScheduler.php, line 248]
2025-02-26 11:22:45 Warning: Redis::zRangeByScore(): php_network_getaddresses: getaddrinfo failed: Name or service not known in [/var/www/MISP/app/Vendor/kamisama/php-resque-ex-scheduler/lib/ResqueScheduler/ResqueScheduler.php, line 248]
2025-02-26 11:22:45 Warning: Redis::zRangeByScore(): php_network_getaddresses: getaddrinfo failed: Name or service not known in [/var/www/MISP/app/Vendor/kamisama/php-resque-ex-scheduler/lib/ResqueScheduler/ResqueScheduler.php, line 248]
2025-02-26 11:22:45 Warning: Redis::zRangeByScore(): php_network_getaddresses: getaddrinfo failed: Name or service not known in [/var/www/MISP/app/Vendor/kamisama/php-resque-ex-scheduler/lib/ResqueScheduler/ResqueScheduler.php, line 248]
2025-02-26 11:22:47 Warning: Redis::lPop(): php_network_getaddresses: getaddrinfo failed: Name or service not known in [/var/www/MISP/app/Vendor/kamisama/php-resque-ex/lib/Resque.php, line 136]
2025-02-26 11:22:47 Warning: Redis::lPop(): php_network_getaddresses: getaddrinfo failed: Name or service not known in [/var/www/MISP/app/Vendor/kamisama/php-resque-ex/lib/Resque.php, line 136]
2025-02-26 11:22:47 Warning: Redis::lPop(): php_network_getaddresses: getaddrinfo failed: Name or service not known in [/var/www/MISP/app/Vendor/kamisama/php-resque-ex/lib/Resque.php, line 136]
2025-02-26 11:22:47 Warning: Redis::lPop(): php_network_getaddresses: getaddrinfo failed: Name or service not known in [/var/www/MISP/app/Vendor/kamisama/php-resque-ex/lib/Resque.php, line 136]
2025-02-26 11:22:47 Warning: Redis::lPop(): php_network_getaddresses: getaddrinfo failed: Name or service not known in [/var/www/MISP/app/Vendor/kamisama/php-resque-ex/lib/Resque.php, line 136]
2025-02-26 11:22:47 Warning: Redis::lPop(): php_network_getaddresses: getaddrinfo failed: Name or service not known in [/var/www/MISP/app/Vendor/kamisama/php-resque-ex/lib/Resque.php, line 136]
2025-02-26 11:22:47 Warning: Redis::lPop(): php_network_getaddresses: getaddrinfo failed: Name or service not known in [/var/www/MISP/app/Vendor/kamisama/php-resque-ex/lib/Resque.php, line 136]
2025-02-26 11:22:47 Warning: Redis::lPop(): php_network_getaddresses: getaddrinfo failed: Name or service not known in [/var/www/MISP/app/Vendor/kamisama/php-resque-ex/lib/Resque.php, line 136]
2025-02-26 11:22:47 Warning: Redis::lPop(): php_network_getaddresses: getaddrinfo failed: Name or service not known in [/var/www/MISP/app/Vendor/kamisama/php-resque-ex/lib/Resque.php, line 136]
2025-02-26 11:22:47 Warning: Redis::lPop(): php_network_getaddresses: getaddrinfo failed: Name or service not known in [/var/www/MISP/app/Vendor/kamisama/php-resque-ex/lib/Resque.php, line 136]
2025-02-26 11:22:47 Warning: Redis::lPop(): php_network_getaddresses: getaddrinfo failed: Name or service not known in [/var/www/MISP/app/Vendor/kamisama/php-resque-ex/lib/Resque.php, line 136]
2025-02-26 11:22:47 Warning: Redis::lPop(): php_network_getaddresses: getaddrinfo failed: Name or service not known in [/var/www/MISP/app/Vendor/kamisama/php-resque-ex/lib/Resque.php, line 136]
2025-02-26 11:22:47 Warning: Redis::lPop(): php_network_getaddresses: getaddrinfo failed: Name or service not known in [/var/www/MISP/app/Vendor/kamisama/php-resque-ex/lib/Resque.php, line 136]
2025-02-26 11:22:47 Warning: Redis::lPop(): php_network_getaddresses: getaddrinfo failed: Name or service not known in [/var/www/MISP/app/Vendor/kamisama/php-resque-ex/lib/Resque.php, line 136]
2025-02-26 11:22:47 Warning: Redis::lPop(): php_network_getaddresses: getaddrinfo failed: Name or service not known in [/var/www/MISP/app/Vendor/kamisama/php-resque-ex/lib/Resque.php, line 136]
2025-02-26 11:22:47 Warning: Redis::lPop(): php_network_getaddresses: getaddrinfo failed: Name or service not known in [/var/www/MISP/app/Vendor/kamisama/php-resque-ex/lib/Resque.php, line 136]
2025-02-26 11:22:47 Warning: Redis::lPop(): php_network_getaddresses: getaddrinfo failed: Name or service not known in [/var/www/MISP/app/Vendor/kamisama/php-resque-ex/lib/Resque.php, line 136]
2025-02-26 11:22:47 Warning: Redis::lPop(): php_network_getaddresses: getaddrinfo failed: Name or service not known in [/var/www/MISP/app/Vendor/kamisama/php-resque-ex/lib/Resque.php, line 136]
2025-02-26 11:22:47 Warning: Redis::lPop(): php_network_getaddresses: getaddrinfo failed: Name or service not known in [/var/www/MISP/app/Vendor/kamisama/php-resque-ex/lib/Resque.php, line 136]
2025-02-26 11:22:47 Warning: Redis::lPop(): php_network_getaddresses: getaddrinfo failed: Name or service not known in [/var/www/MISP/app/Vendor/kamisama/php-resque-ex/lib/Resque.php, line 136]
2025-02-26 11:22:48 Warning: Redis::lPop(): php_network_getaddresses: getaddrinfo failed: Name or service not known in [/var/www/MISP/app/Vendor/kamisama/php-resque-ex/lib/Resque.php, line 136]
2025-02-26 11:22:48 Warning: Redis::lPop(): php_network_getaddresses: getaddrinfo failed: Name or service not known in [/var/www/MISP/app/Vendor/kamisama/php-resque-ex/lib/Resque.php, line 136]
2025-02-26 11:22:48 Warning: Redis::lPop(): php_network_getaddresses: getaddrinfo failed: Name or service not known in [/var/www/MISP/app/Vendor/kamisama/php-resque-ex/lib/Resque.php, line 136]
2025-02-26 11:22:48 Warning: Redis::lPop(): php_network_getaddresses: getaddrinfo failed: Name or service not known in [/var/www/MISP/app/Vendor/kamisama/php-resque-ex/lib/Resque.php, line 136]
2025-02-26 11:22:48 Warning: Redis::lPop(): php_network_getaddresses: getaddrinfo failed: Name or service not known in [/var/www/MISP/app/Vendor/kamisama/php-resque-ex/lib/Resque.php, line 136]
2025-02-26 11:22:48 Warning: Redis::lPop(): php_network_getaddresses: getaddrinfo failed: Name or service not known in [/var/www/MISP/app/Vendor/kamisama/php-resque-ex/lib/Resque.php, line 136]
2025-02-26 11:22:48 Warning: Redis::lPop(): php_network_getaddresses: getaddrinfo failed: Name or service not known in [/var/www/MISP/app/Vendor/kamisama/php-resque-ex/lib/Resque.php, line 136]
2025-02-26 11:22:48 Warning: Redis::lPop(): php_network_getaddresses: getaddrinfo failed: Name or service not known in [/var/www/MISP/app/Vendor/kamisama/php-resque-ex/lib/Resque.php, line 136]
2025-02-26 11:22:48 Warning: Redis::lPop(): php_network_getaddresses: getaddrinfo failed: Name or service not known in [/var/www/MISP/app/Vendor/kamisama/php-resque-ex/lib/Resque.php, line 136]
2025-02-26 11:22:48 Warning: Redis::lPop(): php_network_getaddresses: getaddrinfo failed: Name or service not known in [/var/www/MISP/app/Vendor/kamisama/php-resque-ex/lib/Resque.php, line 136]
2025-02-26 11:22:48 Warning: Redis::lPop(): php_network_getaddresses: getaddrinfo failed: Name or service not known in [/var/www/MISP/app/Vendor/kamisama/php-resque-ex/lib/Resque.php, line 136]
2025-02-26 11:22:48 Warning: Redis::lPop(): php_network_getaddresses: getaddrinfo failed: Name or service not known in [/var/www/MISP/app/Vendor/kamisama/php-resque-ex/lib/Resque.php, line 136]
2025-02-26 11:22:48 Warning: Redis::lPop(): php_network_getaddresses: getaddrinfo failed: Name or service not known in [/var/www/MISP/app/Vendor/kamisama/php-resque-ex/lib/Resque.php, line 136]
2025-02-26 11:22:48 Warning: Redis::lPop(): php_network_getaddresses: getaddrinfo failed: Name or service not known in [/var/www/MISP/app/Vendor/kamisama/php-resque-ex/lib/Resque.php, line 136]
2025-02-26 11:22:48 Warning: Redis::lPop(): php_network_getaddresses: getaddrinfo failed: Name or service not known in [/var/www/MISP/app/Vendor/kamisama/php-resque-ex/lib/Resque.php, line 136]
2025-02-26 11:22:48 Warning: Redis::lPop(): php_network_getaddresses: getaddrinfo failed: Name or service not known in [/var/www/MISP/app/Vendor/kamisama/php-resque-ex/lib/Resque.php, line 136]
2025-02-26 11:22:48 Warning: Redis::lPop(): php_network_getaddresses: getaddrinfo failed: Name or service not known in [/var/www/MISP/app/Vendor/kamisama/php-resque-ex/lib/Resque.php, line 136]
2025-02-26 11:22:48 Warning: Redis::lPop(): php_network_getaddresses: getaddrinfo failed: Name or service not known in [/var/www/MISP/app/Vendor/kamisama/php-resque-ex/lib/Resque.php, line 136]
2025-02-26 11:22:48 Warning: Redis::lPop(): php_network_getaddresses: getaddrinfo failed: Name or service not known in [/var/www/MISP/app/Vendor/kamisama/php-resque-ex/lib/Resque.php, line 136]
2025-02-26 11:22:48 Warning: Redis::lPop(): php_network_getaddresses: getaddrinfo failed: Name or service not known in [/var/www/MISP/app/Vendor/kamisama/php-resque-ex/lib/Resque.php, line 136]
2025-02-26 11:22:49 Warning: Redis::lPop(): php_network_getaddresses: getaddrinfo failed: Name or service not known in [/var/www/MISP/app/Vendor/kamisama/php-resque-ex/lib/Resque.php, line 136]
2025-02-26 11:22:49 Warning: Redis::lPop(): php_network_getaddresses: getaddrinfo failed: Name or service not known in [/var/www/MISP/app/Vendor/kamisama/php-resque-ex/lib/Resque.php, line 136]
2025-02-26 11:22:49 Warning: Redis::lPop(): php_network_getaddresses: getaddrinfo failed: Name or service not known in [/var/www/MISP/app/Vendor/kamisama/php-resque-ex/lib/Resque.php, line 136]
2025-02-26 11:22:49 Warning: Redis::lPop(): php_network_getaddresses: getaddrinfo failed: Name or service not known in [/var/www/MISP/app/Vendor/kamisama/php-resque-ex/lib/Resque.php, line 136]
2025-02-26 11:22:49 Warning: Redis::lPop(): php_network_getaddresses: getaddrinfo failed: Name or service not known in [/var/www/MISP/app/Vendor/kamisama/php-resque-ex/lib/Resque.php, line 136]
2025-02-26 11:22:49 Warning: Redis::lPop(): php_network_getaddresses: getaddrinfo failed: Name or service not known in [/var/www/MISP/app/Vendor/kamisama/php-resque-ex/lib/Resque.php, line 136]
2025-02-26 11:22:49 Warning: Redis::lPop(): php_network_getaddresses: getaddrinfo failed: Name or service not known in [/var/www/MISP/app/Vendor/kamisama/php-resque-ex/lib/Resque.php, line 136]
2025-02-26 11:22:49 Warning: Redis::lPop(): php_network_getaddresses: getaddrinfo failed: Name or service not known in [/var/www/MISP/app/Vendor/kamisama/php-resque-ex/lib/Resque.php, line 136]
2025-02-26 11:22:49 Warning: Redis::lPop(): php_network_getaddresses: getaddrinfo failed: Name or service not known in [/var/www/MISP/app/Vendor/kamisama/php-resque-ex/lib/Resque.php, line 136]
2025-02-26 11:22:49 Warning: Redis::lPop(): php_network_getaddresses: getaddrinfo failed: Name or service not known in [/var/www/MISP/app/Vendor/kamisama/php-resque-ex/lib/Resque.php, line 136]
