[2025-02-25 08:08:41] main.INFO: Starting worker 85cf2bad76ce:447:default {"type":"start","worker":"85cf2bad76ce:447:default"} []
[2025-02-25 08:08:42] main.INFO: Starting worker 85cf2bad76ce:463:prio {"type":"start","worker":"85cf2bad76ce:463:prio"} []
[2025-02-25 08:08:42] main.INFO: Starting worker 85cf2bad76ce:479:cache {"type":"start","worker":"85cf2bad76ce:479:cache"} []
[2025-02-25 08:08:43] main.INFO: Starting worker 85cf2bad76ce:495:email {"type":"start","worker":"85cf2bad76ce:495:email"} []
[2025-02-25 08:08:43] main.INFO: Starting worker 85cf2bad76ce:511:update {"type":"start","worker":"85cf2bad76ce:511:update"} []
[2025-02-25 08:10:13] main.INFO: got {"queue":"update","id":"4144a90425be56116774428702346699","class":"AdminShell","args":[["runUpdates",1]]} {"type":"got","args":"[object] (Resque_Job: {\"queue\":\"update\",\"id\":\"4144a90425be56116774428702346699\",\"class\":\"AdminShell\",\"args\":[[\"runUpdates\",1]]})","worker":"85cf2bad76ce:511"} []
[2025-02-25 08:10:13] main.INFO: Processing ID:4144a90425be56116774428702346699 in update {"type":"process","worker":"85cf2bad76ce:511","job_id":"4144a90425be56116774428702346699"} []
[2025-02-25 08:10:21] main.INFO: got {"queue":"default","id":"271f398c302a0779d0d3d38d9594c4f6","class":"AdminShell","args":[["truncateTable",0,"Legacy",3]]} {"type":"got","args":"[object] (Resque_Job: {\"queue\":\"default\",\"id\":\"271f398c302a0779d0d3d38d9594c4f6\",\"class\":\"AdminShell\",\"args\":[[\"truncateTable\",0,\"Legacy\",3]]})","worker":"85cf2bad76ce:447"} []
[2025-02-25 08:10:21] main.INFO: Processing ID:271f398c302a0779d0d3d38d9594c4f6 in default {"type":"process","worker":"85cf2bad76ce:447","job_id":"271f398c302a0779d0d3d38d9594c4f6"} []
[2025-02-25 08:10:21] main.INFO: done ID:271f398c302a0779d0d3d38d9594c4f6 {"type":"done","job_id":"271f398c302a0779d0d3d38d9594c4f6","time":114,"worker":"85cf2bad76ce:447"} []
[2025-02-25 08:10:22] main.INFO: got {"queue":"default","id":"141a94992dc62dabf127dd027e487acf","class":"AdminShell","args":[["jobGenerateCorrelation",4]]} {"type":"got","args":"[object] (Resque_Job: {\"queue\":\"default\",\"id\":\"141a94992dc62dabf127dd027e487acf\",\"class\":\"AdminShell\",\"args\":[[\"jobGenerateCorrelation\",4]]})","worker":"85cf2bad76ce:447"} []
[2025-02-25 08:10:22] main.INFO: Processing ID:141a94992dc62dabf127dd027e487acf in default {"type":"process","worker":"85cf2bad76ce:447","job_id":"141a94992dc62dabf127dd027e487acf"} []
[2025-02-25 08:10:22] main.INFO: done ID:141a94992dc62dabf127dd027e487acf {"type":"done","job_id":"141a94992dc62dabf127dd027e487acf","time":161,"worker":"85cf2bad76ce:447"} []
[2025-02-25 08:10:23] main.INFO: done ID:4144a90425be56116774428702346699 {"type":"done","job_id":"4144a90425be56116774428702346699","time":9613,"worker":"85cf2bad76ce:511"} []
[2025-02-25 08:10:23] main.INFO: got {"queue":"update","id":"dadc5d57c5f8ec9af7ad60359dbd682b","class":"AdminShell","args":[["runUpdates",2]]} {"type":"got","args":"[object] (Resque_Job: {\"queue\":\"update\",\"id\":\"dadc5d57c5f8ec9af7ad60359dbd682b\",\"class\":\"AdminShell\",\"args\":[[\"runUpdates\",2]]})","worker":"85cf2bad76ce:511"} []
[2025-02-25 08:10:23] main.INFO: Processing ID:dadc5d57c5f8ec9af7ad60359dbd682b in update {"type":"process","worker":"85cf2bad76ce:511","job_id":"dadc5d57c5f8ec9af7ad60359dbd682b"} []
[2025-02-25 08:10:23] main.INFO: done ID:dadc5d57c5f8ec9af7ad60359dbd682b {"type":"done","job_id":"dadc5d57c5f8ec9af7ad60359dbd682b","time":107,"worker":"85cf2bad76ce:511"} []
[2025-02-25 08:19:12] main.ALERT: Redis exception caught: Connection lost {"type":"fail","log":"Connection lost","time":1740471552,"worker":"85cf2bad76ce:447"} []
[2025-02-25 08:19:12] main.ALERT: Redis exception caught: Connection lost {"type":"fail","log":"Connection lost","time":1740471552,"worker":"85cf2bad76ce:463"} []
[2025-02-25 08:19:12] main.ALERT: Redis exception caught: Connection lost {"type":"fail","log":"Connection lost","time":1740471552,"worker":"85cf2bad76ce:479"} []
[2025-02-25 08:19:13] main.ALERT: Redis exception caught: Connection lost {"type":"fail","log":"Connection lost","time":1740471553,"worker":"85cf2bad76ce:495"} []
[2025-02-25 08:19:13] main.ALERT: Redis exception caught: Connection lost {"type":"fail","log":"Connection lost","time":1740471553,"worker":"85cf2bad76ce:511"} []
[2025-02-25 08:26:56] main.INFO: Starting worker 1d3212aaa1a2:468:default {"type":"start","worker":"1d3212aaa1a2:468:default"} []
[2025-02-25 08:26:56] main.INFO: Starting worker 1d3212aaa1a2:484:prio {"type":"start","worker":"1d3212aaa1a2:484:prio"} []
[2025-02-25 08:26:57] main.INFO: Starting worker 1d3212aaa1a2:500:cache {"type":"start","worker":"1d3212aaa1a2:500:cache"} []
[2025-02-25 08:26:57] main.INFO: Starting worker 1d3212aaa1a2:516:email {"type":"start","worker":"1d3212aaa1a2:516:email"} []
[2025-02-25 08:26:58] main.INFO: Starting worker 1d3212aaa1a2:532:update {"type":"start","worker":"1d3212aaa1a2:532:update"} []
[2025-02-25 08:27:06] main.INFO: got {"queue":"default","id":"402915a4756525e0189a29e5b41d2de5","class":"AdminShell","args":[["truncateTable",0,"Legacy",1]]} {"type":"got","args":"[object] (Resque_Job: {\"queue\":\"default\",\"id\":\"402915a4756525e0189a29e5b41d2de5\",\"class\":\"AdminShell\",\"args\":[[\"truncateTable\",0,\"Legacy\",1]]})","worker":"1d3212aaa1a2:468"} []
[2025-02-25 08:27:06] main.INFO: Processing ID:402915a4756525e0189a29e5b41d2de5 in default {"type":"process","worker":"1d3212aaa1a2:468","job_id":"402915a4756525e0189a29e5b41d2de5"} []
[2025-02-25 08:27:06] main.INFO: done ID:402915a4756525e0189a29e5b41d2de5 {"type":"done","job_id":"402915a4756525e0189a29e5b41d2de5","time":261,"worker":"1d3212aaa1a2:468"} []
[2025-02-25 08:27:06] main.INFO: got {"queue":"default","id":"761e230d7785508c54b3d5fd1f35bb1a","class":"AdminShell","args":[["jobGenerateCorrelation",2]]} {"type":"got","args":"[object] (Resque_Job: {\"queue\":\"default\",\"id\":\"761e230d7785508c54b3d5fd1f35bb1a\",\"class\":\"AdminShell\",\"args\":[[\"jobGenerateCorrelation\",2]]})","worker":"1d3212aaa1a2:468"} []
[2025-02-25 08:27:06] main.INFO: Processing ID:761e230d7785508c54b3d5fd1f35bb1a in default {"type":"process","worker":"1d3212aaa1a2:468","job_id":"761e230d7785508c54b3d5fd1f35bb1a"} []
[2025-02-25 08:27:06] main.INFO: done ID:761e230d7785508c54b3d5fd1f35bb1a {"type":"done","job_id":"761e230d7785508c54b3d5fd1f35bb1a","time":301,"worker":"1d3212aaa1a2:468"} []
[2025-02-25 09:26:27] main.INFO: got {"queue":"prio","id":"0a6f591c50674df7007347f0cd7164aa","class":"AdminShell","args":[["resetSyncAuthkeys","1",3]]} {"type":"got","args":"[object] (Resque_Job: {\"queue\":\"prio\",\"id\":\"0a6f591c50674df7007347f0cd7164aa\",\"class\":\"AdminShell\",\"args\":[[\"resetSyncAuthkeys\",\"1\",3]]})","worker":"1d3212aaa1a2:484"} []
[2025-02-25 09:26:27] main.INFO: Processing ID:0a6f591c50674df7007347f0cd7164aa in prio {"type":"process","worker":"1d3212aaa1a2:484","job_id":"0a6f591c50674df7007347f0cd7164aa"} []
[2025-02-25 09:26:27] main.INFO: done ID:0a6f591c50674df7007347f0cd7164aa {"type":"done","job_id":"0a6f591c50674df7007347f0cd7164aa","time":261,"worker":"1d3212aaa1a2:484"} []
[2025-02-25 09:26:58] main.INFO: Exiting... {"type":"shutdown","worker":"1d3212aaa1a2:468"} []
[2025-02-25 09:26:58] main.INFO: Exiting... {"type":"shutdown","worker":"1d3212aaa1a2:484"} []
[2025-02-25 09:26:58] main.INFO: Exiting... {"type":"shutdown","worker":"1d3212aaa1a2:500"} []
[2025-02-25 09:26:58] main.INFO: Exiting... {"type":"shutdown","worker":"1d3212aaa1a2:516"} []
[2025-02-25 09:26:58] main.INFO: Exiting... {"type":"shutdown","worker":"1d3212aaa1a2:532"} []
[2025-02-25 09:26:59] main.INFO: Starting worker 1d3212aaa1a2:679:default {"type":"start","worker":"1d3212aaa1a2:679:default"} []
[2025-02-25 09:26:59] main.INFO: Starting worker 1d3212aaa1a2:695:prio {"type":"start","worker":"1d3212aaa1a2:695:prio"} []
[2025-02-25 09:26:59] main.INFO: Starting worker 1d3212aaa1a2:711:cache {"type":"start","worker":"1d3212aaa1a2:711:cache"} []
[2025-02-25 09:27:00] main.INFO: Starting worker 1d3212aaa1a2:727:email {"type":"start","worker":"1d3212aaa1a2:727:email"} []
[2025-02-25 09:27:00] main.INFO: Starting worker 1d3212aaa1a2:743:update {"type":"start","worker":"1d3212aaa1a2:743:update"} []
[2025-02-25 10:27:01] main.INFO: Exiting... {"type":"shutdown","worker":"1d3212aaa1a2:679"} []
[2025-02-25 10:27:01] main.INFO: Exiting... {"type":"shutdown","worker":"1d3212aaa1a2:695"} []
[2025-02-25 10:27:01] main.INFO: Exiting... {"type":"shutdown","worker":"1d3212aaa1a2:711"} []
[2025-02-25 10:27:01] main.INFO: Exiting... {"type":"shutdown","worker":"1d3212aaa1a2:727"} []
[2025-02-25 10:27:01] main.INFO: Exiting... {"type":"shutdown","worker":"1d3212aaa1a2:743"} []
[2025-02-25 10:27:01] main.INFO: Starting worker 1d3212aaa1a2:888:default {"type":"start","worker":"1d3212aaa1a2:888:default"} []
[2025-02-25 10:27:02] main.INFO: Starting worker 1d3212aaa1a2:904:prio {"type":"start","worker":"1d3212aaa1a2:904:prio"} []
[2025-02-25 10:27:02] main.INFO: Starting worker 1d3212aaa1a2:920:cache {"type":"start","worker":"1d3212aaa1a2:920:cache"} []
[2025-02-25 10:27:03] main.INFO: Starting worker 1d3212aaa1a2:936:email {"type":"start","worker":"1d3212aaa1a2:936:email"} []
[2025-02-25 10:27:03] main.INFO: Starting worker 1d3212aaa1a2:952:update {"type":"start","worker":"1d3212aaa1a2:952:update"} []
[2025-02-25 10:47:42] main.ALERT: Redis exception caught: Connection lost {"type":"fail","log":"Connection lost","time":1740480462,"worker":"1d3212aaa1a2:888"} []
[2025-02-25 10:47:42] main.ALERT: Redis exception caught: Connection lost {"type":"fail","log":"Connection lost","time":1740480462,"worker":"1d3212aaa1a2:904"} []
[2025-02-25 10:47:42] main.ALERT: Redis exception caught: Connection lost {"type":"fail","log":"Connection lost","time":1740480462,"worker":"1d3212aaa1a2:920"} []
[2025-02-25 10:47:43] main.ALERT: Redis exception caught: Connection lost {"type":"fail","log":"Connection lost","time":1740480463,"worker":"1d3212aaa1a2:936"} []
[2025-02-25 10:47:43] main.ALERT: Redis exception caught: Connection lost {"type":"fail","log":"Connection lost","time":1740480463,"worker":"1d3212aaa1a2:952"} []
[2025-02-25 10:47:47] main.ALERT: Redis exception caught: Redis server redis:6379 went away {"type":"fail","log":"Redis server redis:6379 went away","time":1740480467,"worker":"1d3212aaa1a2:888"} []
[2025-02-25 10:47:47] main.ALERT: Redis exception caught: Redis server redis:6379 went away {"type":"fail","log":"Redis server redis:6379 went away","time":1740480467,"worker":"1d3212aaa1a2:904"} []
[2025-02-25 10:47:47] main.ALERT: Redis exception caught: Redis server redis:6379 went away {"type":"fail","log":"Redis server redis:6379 went away","time":1740480467,"worker":"1d3212aaa1a2:920"} []
[2025-02-25 10:47:48] main.ALERT: Redis exception caught: Redis server redis:6379 went away {"type":"fail","log":"Redis server redis:6379 went away","time":1740480468,"worker":"1d3212aaa1a2:936"} []
[2025-02-25 10:47:48] main.ALERT: Redis exception caught: Redis server redis:6379 went away {"type":"fail","log":"Redis server redis:6379 went away","time":1740480468,"worker":"1d3212aaa1a2:952"} []
[2025-02-25 10:50:01] main.INFO: Starting worker f17981a7dd80:413:default {"type":"start","worker":"f17981a7dd80:413:default"} []
[2025-02-25 10:50:01] main.INFO: Starting worker f17981a7dd80:429:prio {"type":"start","worker":"f17981a7dd80:429:prio"} []
[2025-02-25 10:50:02] main.INFO: Starting worker f17981a7dd80:445:cache {"type":"start","worker":"f17981a7dd80:445:cache"} []
[2025-02-25 10:50:02] main.INFO: Starting worker f17981a7dd80:461:email {"type":"start","worker":"f17981a7dd80:461:email"} []
[2025-02-25 10:50:02] main.INFO: Starting worker f17981a7dd80:477:update {"type":"start","worker":"f17981a7dd80:477:update"} []
[2025-02-25 10:51:46] main.ALERT: Redis exception caught: Connection lost {"type":"fail","log":"Connection lost","time":1740480706,"worker":"f17981a7dd80:413"} []
[2025-02-25 10:51:46] main.ALERT: Redis exception caught: Connection lost {"type":"fail","log":"Connection lost","time":1740480706,"worker":"f17981a7dd80:429"} []
[2025-02-25 10:51:47] main.ALERT: Redis exception caught: Connection lost {"type":"fail","log":"Connection lost","time":1740480707,"worker":"f17981a7dd80:445"} []
[2025-02-25 10:51:47] main.ALERT: Redis exception caught: Connection lost {"type":"fail","log":"Connection lost","time":1740480707,"worker":"f17981a7dd80:461"} []
[2025-02-25 10:51:47] main.ALERT: Redis exception caught: Connection lost {"type":"fail","log":"Connection lost","time":1740480707,"worker":"f17981a7dd80:477"} []
[2025-02-25 10:51:51] main.ALERT: Redis exception caught: Redis server redis:6379 went away {"type":"fail","log":"Redis server redis:6379 went away","time":1740480711,"worker":"f17981a7dd80:413"} []
[2025-02-25 10:51:51] main.ALERT: Redis exception caught: Redis server redis:6379 went away {"type":"fail","log":"Redis server redis:6379 went away","time":1740480711,"worker":"f17981a7dd80:429"} []
[2025-02-25 10:51:52] main.ALERT: Redis exception caught: Redis server redis:6379 went away {"type":"fail","log":"Redis server redis:6379 went away","time":1740480712,"worker":"f17981a7dd80:445"} []
[2025-02-25 10:51:52] main.ALERT: Redis exception caught: Redis server redis:6379 went away {"type":"fail","log":"Redis server redis:6379 went away","time":1740480712,"worker":"f17981a7dd80:461"} []
[2025-02-25 10:51:52] main.ALERT: Redis exception caught: Redis server redis:6379 went away {"type":"fail","log":"Redis server redis:6379 went away","time":1740480712,"worker":"f17981a7dd80:477"} []
