[2025-02-24 17:01:58] main.INFO: Starting worker bc4ce09619ec:540:default {"type":"start","worker":"bc4ce09619ec:540:default"} []
[2025-02-24 17:01:58] main.INFO: Starting worker bc4ce09619ec:556:prio {"type":"start","worker":"bc4ce09619ec:556:prio"} []
[2025-02-24 17:01:59] main.INFO: Starting worker bc4ce09619ec:572:cache {"type":"start","worker":"bc4ce09619ec:572:cache"} []
[2025-02-24 17:01:59] main.INFO: Starting worker bc4ce09619ec:588:email {"type":"start","worker":"bc4ce09619ec:588:email"} []
[2025-02-24 17:02:00] main.INFO: Starting worker bc4ce09619ec:604:update {"type":"start","worker":"bc4ce09619ec:604:update"} []
[2025-02-24 17:05:08] main.ALERT: Redis exception caught: Connection lost {"type":"fail","log":"Connection lost","time":1740416708,"worker":"bc4ce09619ec:540"} []
[2025-02-24 17:05:09] main.ALERT: Redis exception caught: Connection lost {"type":"fail","log":"Connection lost","time":1740416709,"worker":"bc4ce09619ec:556"} []
[2025-02-24 17:05:09] main.ALERT: Redis exception caught: Connection lost {"type":"fail","log":"Connection lost","time":1740416709,"worker":"bc4ce09619ec:572"} []
[2025-02-24 17:05:09] main.ALERT: Redis exception caught: Connection lost {"type":"fail","log":"Connection lost","time":1740416709,"worker":"bc4ce09619ec:588"} []
[2025-02-24 17:05:10] main.ALERT: Redis exception caught: Connection lost {"type":"fail","log":"Connection lost","time":1740416710,"worker":"bc4ce09619ec:604"} []
[2025-02-24 17:05:13] main.ALERT: Redis exception caught: Redis server redis:6379 went away {"type":"fail","log":"Redis server redis:6379 went away","time":1740416713,"worker":"bc4ce09619ec:540"} []
[2025-02-24 17:05:14] main.ALERT: Redis exception caught: Redis server redis:6379 went away {"type":"fail","log":"Redis server redis:6379 went away","time":1740416714,"worker":"bc4ce09619ec:556"} []
[2025-02-24 17:05:14] main.ALERT: Redis exception caught: Redis server redis:6379 went away {"type":"fail","log":"Redis server redis:6379 went away","time":1740416714,"worker":"bc4ce09619ec:572"} []
[2025-02-24 17:09:39] main.INFO: Starting worker 493dee600e17:480:default {"type":"start","worker":"493dee600e17:480:default"} []
[2025-02-24 17:09:39] main.INFO: Starting worker 493dee600e17:496:prio {"type":"start","worker":"493dee600e17:496:prio"} []
[2025-02-24 17:09:40] main.INFO: Starting worker 493dee600e17:512:cache {"type":"start","worker":"493dee600e17:512:cache"} []
[2025-02-24 17:09:40] main.INFO: Starting worker 493dee600e17:528:email {"type":"start","worker":"493dee600e17:528:email"} []
[2025-02-24 17:09:41] main.INFO: Starting worker 493dee600e17:544:update {"type":"start","worker":"493dee600e17:544:update"} []
[2025-02-24 17:33:29] main.ALERT: Redis exception caught: Connection lost {"type":"fail","log":"Connection lost","time":1740418409,"worker":"493dee600e17:480"} []
[2025-02-24 17:33:30] main.ALERT: Redis exception caught: Connection lost {"type":"fail","log":"Connection lost","time":1740418410,"worker":"493dee600e17:496"} []
[2025-02-24 17:33:30] main.ALERT: Redis exception caught: Connection lost {"type":"fail","log":"Connection lost","time":1740418410,"worker":"493dee600e17:512"} []
[2025-02-24 17:33:30] main.ALERT: Redis exception caught: Connection lost {"type":"fail","log":"Connection lost","time":1740418410,"worker":"493dee600e17:528"} []
[2025-02-24 17:33:31] main.ALERT: Redis exception caught: Connection lost {"type":"fail","log":"Connection lost","time":1740418411,"worker":"493dee600e17:544"} []
[2025-02-24 17:33:34] main.ALERT: Redis exception caught: Redis server redis:6379 went away {"type":"fail","log":"Redis server redis:6379 went away","time":1740418414,"worker":"493dee600e17:480"} []
[2025-02-24 17:33:35] main.ALERT: Redis exception caught: Redis server redis:6379 went away {"type":"fail","log":"Redis server redis:6379 went away","time":1740418415,"worker":"493dee600e17:496"} []
[2025-02-24 17:33:35] main.ALERT: Redis exception caught: Redis server redis:6379 went away {"type":"fail","log":"Redis server redis:6379 went away","time":1740418415,"worker":"493dee600e17:512"} []
[2025-02-24 17:33:35] main.ALERT: Redis exception caught: Redis server redis:6379 went away {"type":"fail","log":"Redis server redis:6379 went away","time":1740418415,"worker":"493dee600e17:528"} []
