[2025-02-26 08:35:02] main.INFO: Starting worker ddb8e758f1d0:447:default {"type":"start","worker":"ddb8e758f1d0:447:default"} []
[2025-02-26 08:35:02] main.INFO: Starting worker ddb8e758f1d0:463:prio {"type":"start","worker":"ddb8e758f1d0:463:prio"} []
[2025-02-26 08:35:02] main.INFO: Starting worker ddb8e758f1d0:479:cache {"type":"start","worker":"ddb8e758f1d0:479:cache"} []
[2025-02-26 08:35:03] main.INFO: Starting worker ddb8e758f1d0:495:email {"type":"start","worker":"ddb8e758f1d0:495:email"} []
[2025-02-26 08:35:03] main.INFO: Starting worker ddb8e758f1d0:511:update {"type":"start","worker":"ddb8e758f1d0:511:update"} []
[2025-02-26 09:35:04] main.INFO: Exiting... {"type":"shutdown","worker":"ddb8e758f1d0:447"} []
[2025-02-26 09:35:04] main.INFO: Exiting... {"type":"shutdown","worker":"ddb8e758f1d0:463"} []
[2025-02-26 09:35:04] main.INFO: Exiting... {"type":"shutdown","worker":"ddb8e758f1d0:479"} []
[2025-02-26 09:35:04] main.INFO: Exiting... {"type":"shutdown","worker":"ddb8e758f1d0:495"} []
[2025-02-26 09:35:04] main.INFO: Exiting... {"type":"shutdown","worker":"ddb8e758f1d0:511"} []
[2025-02-26 09:35:04] main.INFO: Starting worker ddb8e758f1d0:670:default {"type":"start","worker":"ddb8e758f1d0:670:default"} []
[2025-02-26 09:35:04] main.INFO: Starting worker ddb8e758f1d0:686:prio {"type":"start","worker":"ddb8e758f1d0:686:prio"} []
[2025-02-26 09:35:05] main.INFO: Starting worker ddb8e758f1d0:702:cache {"type":"start","worker":"ddb8e758f1d0:702:cache"} []
[2025-02-26 09:35:05] main.INFO: Starting worker ddb8e758f1d0:718:email {"type":"start","worker":"ddb8e758f1d0:718:email"} []
[2025-02-26 09:35:06] main.INFO: Starting worker ddb8e758f1d0:734:update {"type":"start","worker":"ddb8e758f1d0:734:update"} []
[2025-02-26 10:35:06] main.INFO: Exiting... {"type":"shutdown","worker":"ddb8e758f1d0:670"} []
[2025-02-26 10:35:06] main.INFO: Exiting... {"type":"shutdown","worker":"ddb8e758f1d0:686"} []
[2025-02-26 10:35:06] main.INFO: Exiting... {"type":"shutdown","worker":"ddb8e758f1d0:702"} []
[2025-02-26 10:35:06] main.INFO: Exiting... {"type":"shutdown","worker":"ddb8e758f1d0:718"} []
[2025-02-26 10:35:06] main.INFO: Exiting... {"type":"shutdown","worker":"ddb8e758f1d0:734"} []
[2025-02-26 10:35:07] main.INFO: Starting worker ddb8e758f1d0:902:default {"type":"start","worker":"ddb8e758f1d0:902:default"} []
[2025-02-26 10:35:07] main.INFO: Starting worker ddb8e758f1d0:918:prio {"type":"start","worker":"ddb8e758f1d0:918:prio"} []
[2025-02-26 10:35:07] main.INFO: Starting worker ddb8e758f1d0:934:cache {"type":"start","worker":"ddb8e758f1d0:934:cache"} []
[2025-02-26 10:35:08] main.INFO: Starting worker ddb8e758f1d0:950:email {"type":"start","worker":"ddb8e758f1d0:950:email"} []
[2025-02-26 10:35:08] main.INFO: Starting worker ddb8e758f1d0:966:update {"type":"start","worker":"ddb8e758f1d0:966:update"} []
[2025-02-26 11:22:47] main.ALERT: Redis exception caught: Connection lost {"type":"fail","log":"Connection lost","time":1740568967,"worker":"ddb8e758f1d0:902"} []
[2025-02-26 11:22:47] main.ALERT: Redis exception caught: Connection lost {"type":"fail","log":"Connection lost","time":1740568967,"worker":"ddb8e758f1d0:918"} []
[2025-02-26 11:22:48] main.ALERT: Redis exception caught: Connection lost {"type":"fail","log":"Connection lost","time":1740568968,"worker":"ddb8e758f1d0:934"} []
[2025-02-26 11:22:48] main.ALERT: Redis exception caught: Connection lost {"type":"fail","log":"Connection lost","time":1740568968,"worker":"ddb8e758f1d0:950"} []
[2025-02-26 11:22:49] main.ALERT: Redis exception caught: Connection lost {"type":"fail","log":"Connection lost","time":1740568969,"worker":"ddb8e758f1d0:966"} []
[2025-02-26 11:22:52] main.ALERT: Redis exception caught: Redis server redis:6379 went away {"type":"fail","log":"Redis server redis:6379 went away","time":1740568972,"worker":"ddb8e758f1d0:902"} []
[2025-02-26 11:22:52] main.ALERT: Redis exception caught: Redis server redis:6379 went away {"type":"fail","log":"Redis server redis:6379 went away","time":1740568972,"worker":"ddb8e758f1d0:918"} []
[2025-02-26 11:22:53] main.ALERT: Redis exception caught: Redis server redis:6379 went away {"type":"fail","log":"Redis server redis:6379 went away","time":1740568973,"worker":"ddb8e758f1d0:934"} []
