Warning Error: Redis::lPop(): php_network_getaddresses: getaddrinfo failed: Name or service not known in [/var/www/MISP/app/Vendor/kamisama/php-resque-ex/lib/Resque.php, line 136]

Warning Error: Redis::lPop(): php_network_getaddresses: getaddrinfo failed: Name or service not known in [/var/www/MISP/app/Vendor/kamisama/php-resque-ex/lib/Resque.php, line 136]

Warning Error: Redis::lPop(): php_network_getaddresses: getaddrinfo failed: Name or service not known in [/var/www/MISP/app/Vendor/kamisama/php-resque-ex/lib/Resque.php, line 136]

Warning Error: Redis::lPop(): php_network_getaddresses: getaddrinfo failed: Name or service not known in [/var/www/MISP/app/Vendor/kamisama/php-resque-ex/lib/Resque.php, line 136]

Warning Error: Redis::lPop(): php_network_getaddresses: getaddrinfo failed: Name or service not known in [/var/www/MISP/app/Vendor/kamisama/php-resque-ex/lib/Resque.php, line 136]

Warning Error: Redis::lPop(): php_network_getaddresses: getaddrinfo failed: Name or service not known in [/var/www/MISP/app/Vendor/kamisama/php-resque-ex/lib/Resque.php, line 136]

Warning Error: Redis::lPop(): php_network_getaddresses: getaddrinfo failed: Name or service not known in [/var/www/MISP/app/Vendor/kamisama/php-resque-ex/lib/Resque.php, line 136]

Warning Error: Redis::lPop(): php_network_getaddresses: getaddrinfo failed: Name or service not known in [/var/www/MISP/app/Vendor/kamisama/php-resque-ex/lib/Resque.php, line 136]

Warning Error: Redis::lPop(): php_network_getaddresses: getaddrinfo failed: Name or service not known in [/var/www/MISP/app/Vendor/kamisama/php-resque-ex/lib/Resque.php, line 136]

Warning Error: Redis::lPop(): php_network_getaddresses: getaddrinfo failed: Name or service not known in [/var/www/MISP/app/Vendor/kamisama/php-resque-ex/lib/Resque.php, line 136]

Warning Error: Redis::lPop(): php_network_getaddresses: getaddrinfo failed: Name or service not known in [/var/www/MISP/app/Vendor/kamisama/php-resque-ex/lib/Resque.php, line 136]

Warning Error: Redis::lPop(): php_network_getaddresses: getaddrinfo failed: Name or service not known in [/var/www/MISP/app/Vendor/kamisama/php-resque-ex/lib/Resque.php, line 136]

Warning Error: Redis::lPop(): php_network_getaddresses: getaddrinfo failed: Name or service not known in [/var/www/MISP/app/Vendor/kamisama/php-resque-ex/lib/Resque.php, line 136]

Warning Error: Redis::lPop(): php_network_getaddresses: getaddrinfo failed: Name or service not known in [/var/www/MISP/app/Vendor/kamisama/php-resque-ex/lib/Resque.php, line 136]

Warning Error: Redis::lPop(): php_network_getaddresses: getaddrinfo failed: Name or service not known in [/var/www/MISP/app/Vendor/kamisama/php-resque-ex/lib/Resque.php, line 136]

Warning Error: Redis::lPop(): php_network_getaddresses: getaddrinfo failed: Name or service not known in [/var/www/MISP/app/Vendor/kamisama/php-resque-ex/lib/Resque.php, line 136]

Warning Error: Redis::lPop(): php_network_getaddresses: getaddrinfo failed: Name or service not known in [/var/www/MISP/app/Vendor/kamisama/php-resque-ex/lib/Resque.php, line 136]

Warning Error: Redis::lPop(): php_network_getaddresses: getaddrinfo failed: Name or service not known in [/var/www/MISP/app/Vendor/kamisama/php-resque-ex/lib/Resque.php, line 136]

Warning Error: Redis::lPop(): php_network_getaddresses: getaddrinfo failed: Name or service not known in [/var/www/MISP/app/Vendor/kamisama/php-resque-ex/lib/Resque.php, line 136]

Warning Error: Redis::lPop(): php_network_getaddresses: getaddrinfo failed: Name or service not known in [/var/www/MISP/app/Vendor/kamisama/php-resque-ex/lib/Resque.php, line 136]

Warning Error: Redis::lPop(): php_network_getaddresses: getaddrinfo failed: Name or service not known in [/var/www/MISP/app/Vendor/kamisama/php-resque-ex/lib/Resque.php, line 136]

Warning Error: Redis::lPop(): php_network_getaddresses: getaddrinfo failed: Name or service not known in [/var/www/MISP/app/Vendor/kamisama/php-resque-ex/lib/Resque.php, line 136]

Warning Error: Redis::lPop(): php_network_getaddresses: getaddrinfo failed: Name or service not known in [/var/www/MISP/app/Vendor/kamisama/php-resque-ex/lib/Resque.php, line 136]

Warning Error: Redis::lPop(): php_network_getaddresses: getaddrinfo failed: Name or service not known in [/var/www/MISP/app/Vendor/kamisama/php-resque-ex/lib/Resque.php, line 136]

Warning Error: Redis::lPop(): php_network_getaddresses: getaddrinfo failed: Name or service not known in [/var/www/MISP/app/Vendor/kamisama/php-resque-ex/lib/Resque.php, line 136]

Warning Error: Redis::lPop(): php_network_getaddresses: getaddrinfo failed: Name or service not known in [/var/www/MISP/app/Vendor/kamisama/php-resque-ex/lib/Resque.php, line 136]

Warning Error: Redis::lPop(): php_network_getaddresses: getaddrinfo failed: Name or service not known in [/var/www/MISP/app/Vendor/kamisama/php-resque-ex/lib/Resque.php, line 136]

Warning Error: Redis::lPop(): php_network_getaddresses: getaddrinfo failed: Name or service not known in [/var/www/MISP/app/Vendor/kamisama/php-resque-ex/lib/Resque.php, line 136]

Warning Error: Redis::lPop(): php_network_getaddresses: getaddrinfo failed: Name or service not known in [/var/www/MISP/app/Vendor/kamisama/php-resque-ex/lib/Resque.php, line 136]

Warning Error: Redis::lPop(): php_network_getaddresses: getaddrinfo failed: Name or service not known in [/var/www/MISP/app/Vendor/kamisama/php-resque-ex/lib/Resque.php, line 136]

Warning Error: Redis::lPop(): php_network_getaddresses: getaddrinfo failed: Name or service not known in [/var/www/MISP/app/Vendor/kamisama/php-resque-ex/lib/Resque.php, line 136]

Warning Error: Redis::lPop(): php_network_getaddresses: getaddrinfo failed: Name or service not known in [/var/www/MISP/app/Vendor/kamisama/php-resque-ex/lib/Resque.php, line 136]

Warning Error: Redis::lPop(): php_network_getaddresses: getaddrinfo failed: Name or service not known in [/var/www/MISP/app/Vendor/kamisama/php-resque-ex/lib/Resque.php, line 136]

Warning Error: Redis::lPop(): php_network_getaddresses: getaddrinfo failed: Name or service not known in [/var/www/MISP/app/Vendor/kamisama/php-resque-ex/lib/Resque.php, line 136]

Warning Error: Redis::lPop(): php_network_getaddresses: getaddrinfo failed: Name or service not known in [/var/www/MISP/app/Vendor/kamisama/php-resque-ex/lib/Resque.php, line 136]

Warning Error: Redis::lPop(): php_network_getaddresses: getaddrinfo failed: Name or service not known in [/var/www/MISP/app/Vendor/kamisama/php-resque-ex/lib/Resque.php, line 136]

Warning Error: Redis::lPop(): php_network_getaddresses: getaddrinfo failed: Name or service not known in [/var/www/MISP/app/Vendor/kamisama/php-resque-ex/lib/Resque.php, line 136]

Warning Error: Redis::lPop(): php_network_getaddresses: getaddrinfo failed: Name or service not known in [/var/www/MISP/app/Vendor/kamisama/php-resque-ex/lib/Resque.php, line 136]

Warning Error: Redis::lPop(): php_network_getaddresses: getaddrinfo failed: Name or service not known in [/var/www/MISP/app/Vendor/kamisama/php-resque-ex/lib/Resque.php, line 136]

Warning Error: Redis::lPop(): php_network_getaddresses: getaddrinfo failed: Name or service not known in [/var/www/MISP/app/Vendor/kamisama/php-resque-ex/lib/Resque.php, line 136]

Warning Error: Redis::lPop(): php_network_getaddresses: getaddrinfo failed: Name or service not known in [/var/www/MISP/app/Vendor/kamisama/php-resque-ex/lib/Resque.php, line 136]

Warning Error: Redis::lPop(): php_network_getaddresses: getaddrinfo failed: Name or service not known in [/var/www/MISP/app/Vendor/kamisama/php-resque-ex/lib/Resque.php, line 136]

Warning Error: Redis::lPop(): php_network_getaddresses: getaddrinfo failed: Name or service not known in [/var/www/MISP/app/Vendor/kamisama/php-resque-ex/lib/Resque.php, line 136]

Warning Error: Redis::lPop(): php_network_getaddresses: getaddrinfo failed: Name or service not known in [/var/www/MISP/app/Vendor/kamisama/php-resque-ex/lib/Resque.php, line 136]

Warning Error: Redis::lPop(): php_network_getaddresses: getaddrinfo failed: Name or service not known in [/var/www/MISP/app/Vendor/kamisama/php-resque-ex/lib/Resque.php, line 136]

Warning Error: Redis::lPop(): php_network_getaddresses: getaddrinfo failed: Name or service not known in [/var/www/MISP/app/Vendor/kamisama/php-resque-ex/lib/Resque.php, line 136]

Warning Error: Redis::lPop(): php_network_getaddresses: getaddrinfo failed: Name or service not known in [/var/www/MISP/app/Vendor/kamisama/php-resque-ex/lib/Resque.php, line 136]

Warning Error: Redis::lPop(): php_network_getaddresses: getaddrinfo failed: Name or service not known in [/var/www/MISP/app/Vendor/kamisama/php-resque-ex/lib/Resque.php, line 136]

Warning Error: Redis::lPop(): php_network_getaddresses: getaddrinfo failed: Name or service not known in [/var/www/MISP/app/Vendor/kamisama/php-resque-ex/lib/Resque.php, line 136]

Warning Error: Redis::lPop(): php_network_getaddresses: getaddrinfo failed: Name or service not known in [/var/www/MISP/app/Vendor/kamisama/php-resque-ex/lib/Resque.php, line 136]

Warning Error: Redis::lPop(): php_network_getaddresses: getaddrinfo failed: Name or service not known in [/var/www/MISP/app/Vendor/kamisama/php-resque-ex/lib/Resque.php, line 136]

Warning Error: Redis::lPop(): php_network_getaddresses: getaddrinfo failed: Name or service not known in [/var/www/MISP/app/Vendor/kamisama/php-resque-ex/lib/Resque.php, line 136]

Warning Error: Redis::lPop(): php_network_getaddresses: getaddrinfo failed: Name or service not known in [/var/www/MISP/app/Vendor/kamisama/php-resque-ex/lib/Resque.php, line 136]

Warning Error: Redis::lPop(): php_network_getaddresses: getaddrinfo failed: Name or service not known in [/var/www/MISP/app/Vendor/kamisama/php-resque-ex/lib/Resque.php, line 136]

Warning Error: Redis::lPop(): php_network_getaddresses: getaddrinfo failed: Name or service not known in [/var/www/MISP/app/Vendor/kamisama/php-resque-ex/lib/Resque.php, line 136]

Warning Error: Redis::lPop(): php_network_getaddresses: getaddrinfo failed: Name or service not known in [/var/www/MISP/app/Vendor/kamisama/php-resque-ex/lib/Resque.php, line 136]

Warning Error: Redis::lPop(): php_network_getaddresses: getaddrinfo failed: Name or service not known in [/var/www/MISP/app/Vendor/kamisama/php-resque-ex/lib/Resque.php, line 136]

Warning Error: Redis::lPop(): php_network_getaddresses: getaddrinfo failed: Name or service not known in [/var/www/MISP/app/Vendor/kamisama/php-resque-ex/lib/Resque.php, line 136]

Warning Error: Redis::lPop(): php_network_getaddresses: getaddrinfo failed: Name or service not known in [/var/www/MISP/app/Vendor/kamisama/php-resque-ex/lib/Resque.php, line 136]

Warning Error: Redis::lPop(): php_network_getaddresses: getaddrinfo failed: Name or service not known in [/var/www/MISP/app/Vendor/kamisama/php-resque-ex/lib/Resque.php, line 136]

Warning Error: Redis::lPop(): php_network_getaddresses: getaddrinfo failed: Name or service not known in [/var/www/MISP/app/Vendor/kamisama/php-resque-ex/lib/Resque.php, line 136]

Warning Error: Redis::lPop(): php_network_getaddresses: getaddrinfo failed: Name or service not known in [/var/www/MISP/app/Vendor/kamisama/php-resque-ex/lib/Resque.php, line 136]

Warning Error: Redis::lPop(): php_network_getaddresses: getaddrinfo failed: Name or service not known in [/var/www/MISP/app/Vendor/kamisama/php-resque-ex/lib/Resque.php, line 136]

Warning Error: Redis::lPop(): php_network_getaddresses: getaddrinfo failed: Name or service not known in [/var/www/MISP/app/Vendor/kamisama/php-resque-ex/lib/Resque.php, line 136]

Warning Error: Redis::lPop(): php_network_getaddresses: getaddrinfo failed: Name or service not known in [/var/www/MISP/app/Vendor/kamisama/php-resque-ex/lib/Resque.php, line 136]

Warning Error: Redis::lPop(): php_network_getaddresses: getaddrinfo failed: Name or service not known in [/var/www/MISP/app/Vendor/kamisama/php-resque-ex/lib/Resque.php, line 136]

Warning Error: Redis::lPop(): php_network_getaddresses: getaddrinfo failed: Name or service not known in [/var/www/MISP/app/Vendor/kamisama/php-resque-ex/lib/Resque.php, line 136]

Warning Error: Redis::lPop(): php_network_getaddresses: getaddrinfo failed: Name or service not known in [/var/www/MISP/app/Vendor/kamisama/php-resque-ex/lib/Resque.php, line 136]

Warning Error: Redis::lPop(): php_network_getaddresses: getaddrinfo failed: Name or service not known in [/var/www/MISP/app/Vendor/kamisama/php-resque-ex/lib/Resque.php, line 136]

Warning Error: Redis::lPop(): php_network_getaddresses: getaddrinfo failed: Name or service not known in [/var/www/MISP/app/Vendor/kamisama/php-resque-ex/lib/Resque.php, line 136]

Warning Error: Redis::lPop(): php_network_getaddresses: getaddrinfo failed: Name or service not known in [/var/www/MISP/app/Vendor/kamisama/php-resque-ex/lib/Resque.php, line 136]

Warning Error: Redis::lPop(): php_network_getaddresses: getaddrinfo failed: Name or service not known in [/var/www/MISP/app/Vendor/kamisama/php-resque-ex/lib/Resque.php, line 136]

Warning Error: Redis::lPop(): php_network_getaddresses: getaddrinfo failed: Name or service not known in [/var/www/MISP/app/Vendor/kamisama/php-resque-ex/lib/Resque.php, line 136]

Warning Error: Redis::lPop(): php_network_getaddresses: getaddrinfo failed: Name or service not known in [/var/www/MISP/app/Vendor/kamisama/php-resque-ex/lib/Resque.php, line 136]

Warning Error: Redis::lPop(): php_network_getaddresses: getaddrinfo failed: Name or service not known in [/var/www/MISP/app/Vendor/kamisama/php-resque-ex/lib/Resque.php, line 136]

Warning Error: Redis::lPop(): php_network_getaddresses: getaddrinfo failed: Name or service not known in [/var/www/MISP/app/Vendor/kamisama/php-resque-ex/lib/Resque.php, line 136]

Warning Error: Redis::lPop(): php_network_getaddresses: getaddrinfo failed: Name or service not known in [/var/www/MISP/app/Vendor/kamisama/php-resque-ex/lib/Resque.php, line 136]

Warning Error: Redis::lPop(): php_network_getaddresses: getaddrinfo failed: Name or service not known in [/var/www/MISP/app/Vendor/kamisama/php-resque-ex/lib/Resque.php, line 136]

Warning Error: Redis::lPop(): php_network_getaddresses: getaddrinfo failed: Name or service not known in [/var/www/MISP/app/Vendor/kamisama/php-resque-ex/lib/Resque.php, line 136]

Warning Error: Redis::lPop(): php_network_getaddresses: getaddrinfo failed: Name or service not known in [/var/www/MISP/app/Vendor/kamisama/php-resque-ex/lib/Resque.php, line 136]

Warning Error: Redis::lPop(): php_network_getaddresses: getaddrinfo failed: Name or service not known in [/var/www/MISP/app/Vendor/kamisama/php-resque-ex/lib/Resque.php, line 136]

Warning Error: Redis::lPop(): php_network_getaddresses: getaddrinfo failed: Name or service not known in [/var/www/MISP/app/Vendor/kamisama/php-resque-ex/lib/Resque.php, line 136]

Warning Error: Redis::lPop(): php_network_getaddresses: getaddrinfo failed: Name or service not known in [/var/www/MISP/app/Vendor/kamisama/php-resque-ex/lib/Resque.php, line 136]

Warning Error: Redis::lPop(): php_network_getaddresses: getaddrinfo failed: Name or service not known in [/var/www/MISP/app/Vendor/kamisama/php-resque-ex/lib/Resque.php, line 136]

Warning Error: Redis::lPop(): php_network_getaddresses: getaddrinfo failed: Name or service not known in [/var/www/MISP/app/Vendor/kamisama/php-resque-ex/lib/Resque.php, line 136]

Warning Error: Redis::lPop(): php_network_getaddresses: getaddrinfo failed: Name or service not known in [/var/www/MISP/app/Vendor/kamisama/php-resque-ex/lib/Resque.php, line 136]

Warning Error: Redis::lPop(): php_network_getaddresses: getaddrinfo failed: Name or service not known in [/var/www/MISP/app/Vendor/kamisama/php-resque-ex/lib/Resque.php, line 136]

Warning Error: Redis::lPop(): php_network_getaddresses: getaddrinfo failed: Name or service not known in [/var/www/MISP/app/Vendor/kamisama/php-resque-ex/lib/Resque.php, line 136]

Warning Error: Redis::lPop(): php_network_getaddresses: getaddrinfo failed: Name or service not known in [/var/www/MISP/app/Vendor/kamisama/php-resque-ex/lib/Resque.php, line 136]

Warning Error: Redis::lPop(): php_network_getaddresses: getaddrinfo failed: Name or service not known in [/var/www/MISP/app/Vendor/kamisama/php-resque-ex/lib/Resque.php, line 136]

Warning Error: Redis::lPop(): php_network_getaddresses: getaddrinfo failed: Name or service not known in [/var/www/MISP/app/Vendor/kamisama/php-resque-ex/lib/Resque.php, line 136]

Warning Error: Redis::lPop(): php_network_getaddresses: getaddrinfo failed: Name or service not known in [/var/www/MISP/app/Vendor/kamisama/php-resque-ex/lib/Resque.php, line 136]

Warning Error: Redis::lPop(): php_network_getaddresses: getaddrinfo failed: Name or service not known in [/var/www/MISP/app/Vendor/kamisama/php-resque-ex/lib/Resque.php, line 136]

Warning Error: Redis::lPop(): php_network_getaddresses: getaddrinfo failed: Name or service not known in [/var/www/MISP/app/Vendor/kamisama/php-resque-ex/lib/Resque.php, line 136]

Warning Error: Redis::lPop(): php_network_getaddresses: getaddrinfo failed: Name or service not known in [/var/www/MISP/app/Vendor/kamisama/php-resque-ex/lib/Resque.php, line 136]

Warning Error: Redis::lPop(): php_network_getaddresses: getaddrinfo failed: Name or service not known in [/var/www/MISP/app/Vendor/kamisama/php-resque-ex/lib/Resque.php, line 136]

Warning Error: Redis::lPop(): php_network_getaddresses: getaddrinfo failed: Name or service not known in [/var/www/MISP/app/Vendor/kamisama/php-resque-ex/lib/Resque.php, line 136]

Warning Error: Redis::lPop(): php_network_getaddresses: getaddrinfo failed: Name or service not known in [/var/www/MISP/app/Vendor/kamisama/php-resque-ex/lib/Resque.php, line 136]

Warning Error: Redis::lPop(): php_network_getaddresses: getaddrinfo failed: Name or service not known in [/var/www/MISP/app/Vendor/kamisama/php-resque-ex/lib/Resque.php, line 136]

Warning Error: Redis::lPop(): php_network_getaddresses: getaddrinfo failed: Name or service not known in [/var/www/MISP/app/Vendor/kamisama/php-resque-ex/lib/Resque.php, line 136]

Executing all updates to bring the database up to date with the current version.
Executing 62..................[32mDone[0m
Executing 63..................[32mDone[0m
Executing 64..................[32mDone[0m
Executing 65..................[32mDone[0m
Executing 66..................[32mDone[0m
Executing 67..................[32mDone[0m
Executing 68..................[32mDone[0m
Executing 69..................[32mDone[0m
Executing 70..................[32mDone[0m
Executing 71..................[32mDone[0m
Executing 72..................[32mDone[0m
Executing 73..................[32mDone[0m
Executing 74..................[32mDone[0m
Executing 75..................[32mDone[0m
Executing 76..................[32mDone[0m
Executing 77..................[32mDone[0m
Executing 78..................[32mDone[0m
Executing 79..................[32mDone[0m
Executing 80..................[32mDone[0m
Executing 81..................[32mDone[0m
Executing 82..................[32mDone[0m
Executing 83..................[32mDone[0m
Executing 84..................[32mDone[0m
Executing 85..................[32mDone[0m
Executing 86..................[32mDone[0m
Executing 87..................[32mDone[0m
Executing 88..................[32mDone[0m
Executing 89..................[32mDone[0m
Executing 90..................[32mDone[0m
Executing 91..................[32mDone[0m
Executing 92..................[32mDone[0m
Executing 93..................[32mDone[0m
Executing 94..................[32mDone[0m
Executing 95..................[32mDone[0m
Executing 96..................[32mDone[0m
Executing 97..................[32mDone[0m
Executing 98..................[32mDone[0m
Executing 99..................[32mDone[0m
Executing 100.................[32mDone[0m
Executing 101.................[32mDone[0m
Executing 102.................[32mDone[0m
Executing 103.................[32mDone[0m
Executing 104.................[32mDone[0m
Executing 105.................[32mDone[0m
Executing 106.................[32mDone[0m
Executing 107.................[32mDone[0m
Executing 108.................[32mDone[0m
Executing 109.................[32mDone[0m
Executing 110.................[32mDone[0m
Executing 111.................[32mDone[0m
Executing 112.................[32mDone[0m
Executing 113.................[32mDone[0m
Executing 114.................[32mDone[0m
Executing 115.................[32mDone[0m
All updates completed.
Executing all updates to bring the database up to date with the current version.
All updates completed.
Warning Error: Redis::lPop(): php_network_getaddresses: getaddrinfo failed: Name or service not known in [/var/www/MISP/app/Vendor/kamisama/php-resque-ex/lib/Resque.php, line 136]

Warning Error: Redis::lPop(): php_network_getaddresses: getaddrinfo failed: Name or service not known in [/var/www/MISP/app/Vendor/kamisama/php-resque-ex/lib/Resque.php, line 136]

Warning Error: Redis::lPop(): php_network_getaddresses: getaddrinfo failed: Name or service not known in [/var/www/MISP/app/Vendor/kamisama/php-resque-ex/lib/Resque.php, line 136]

Warning Error: Redis::lPop(): php_network_getaddresses: getaddrinfo failed: Name or service not known in [/var/www/MISP/app/Vendor/kamisama/php-resque-ex/lib/Resque.php, line 136]

Warning Error: Redis::lPop(): php_network_getaddresses: getaddrinfo failed: Name or service not known in [/var/www/MISP/app/Vendor/kamisama/php-resque-ex/lib/Resque.php, line 136]

Warning Error: Redis::lPop(): php_network_getaddresses: getaddrinfo failed: Name or service not known in [/var/www/MISP/app/Vendor/kamisama/php-resque-ex/lib/Resque.php, line 136]

Warning Error: Redis::lPop(): php_network_getaddresses: getaddrinfo failed: Name or service not known in [/var/www/MISP/app/Vendor/kamisama/php-resque-ex/lib/Resque.php, line 136]

Warning Error: Redis::lPop(): php_network_getaddresses: getaddrinfo failed: Name or service not known in [/var/www/MISP/app/Vendor/kamisama/php-resque-ex/lib/Resque.php, line 136]

Warning Error: Redis::lPop(): php_network_getaddresses: getaddrinfo failed: Name or service not known in [/var/www/MISP/app/Vendor/kamisama/php-resque-ex/lib/Resque.php, line 136]

Warning Error: Redis::lPop(): php_network_getaddresses: getaddrinfo failed: Name or service not known in [/var/www/MISP/app/Vendor/kamisama/php-resque-ex/lib/Resque.php, line 136]

Warning Error: Redis::lPop(): php_network_getaddresses: getaddrinfo failed: Name or service not known in [/var/www/MISP/app/Vendor/kamisama/php-resque-ex/lib/Resque.php, line 136]

Warning Error: Redis::lPop(): php_network_getaddresses: getaddrinfo failed: Name or service not known in [/var/www/MISP/app/Vendor/kamisama/php-resque-ex/lib/Resque.php, line 136]

Warning Error: Redis::lPop(): php_network_getaddresses: getaddrinfo failed: Name or service not known in [/var/www/MISP/app/Vendor/kamisama/php-resque-ex/lib/Resque.php, line 136]

Warning Error: Redis::lPop(): php_network_getaddresses: getaddrinfo failed: Name or service not known in [/var/www/MISP/app/Vendor/kamisama/php-resque-ex/lib/Resque.php, line 136]

Warning Error: Redis::lPop(): php_network_getaddresses: getaddrinfo failed: Name or service not known in [/var/www/MISP/app/Vendor/kamisama/php-resque-ex/lib/Resque.php, line 136]

Warning Error: Redis::lPop(): php_network_getaddresses: getaddrinfo failed: Name or service not known in [/var/www/MISP/app/Vendor/kamisama/php-resque-ex/lib/Resque.php, line 136]

Warning Error: Redis::lPop(): php_network_getaddresses: getaddrinfo failed: Name or service not known in [/var/www/MISP/app/Vendor/kamisama/php-resque-ex/lib/Resque.php, line 136]

Warning Error: Redis::lPop(): php_network_getaddresses: getaddrinfo failed: Name or service not known in [/var/www/MISP/app/Vendor/kamisama/php-resque-ex/lib/Resque.php, line 136]

Warning Error: Redis::lPop(): php_network_getaddresses: getaddrinfo failed: Name or service not known in [/var/www/MISP/app/Vendor/kamisama/php-resque-ex/lib/Resque.php, line 136]

Warning Error: Redis::lPop(): php_network_getaddresses: getaddrinfo failed: Name or service not known in [/var/www/MISP/app/Vendor/kamisama/php-resque-ex/lib/Resque.php, line 136]

Warning Error: Redis::lPop(): php_network_getaddresses: getaddrinfo failed: Name or service not known in [/var/www/MISP/app/Vendor/kamisama/php-resque-ex/lib/Resque.php, line 136]

Warning Error: Redis::lPop(): php_network_getaddresses: getaddrinfo failed: Name or service not known in [/var/www/MISP/app/Vendor/kamisama/php-resque-ex/lib/Resque.php, line 136]

Warning Error: Redis::lPop(): php_network_getaddresses: getaddrinfo failed: Name or service not known in [/var/www/MISP/app/Vendor/kamisama/php-resque-ex/lib/Resque.php, line 136]

Warning Error: Redis::lPop(): php_network_getaddresses: getaddrinfo failed: Name or service not known in [/var/www/MISP/app/Vendor/kamisama/php-resque-ex/lib/Resque.php, line 136]

Warning Error: Redis::lPop(): php_network_getaddresses: getaddrinfo failed: Name or service not known in [/var/www/MISP/app/Vendor/kamisama/php-resque-ex/lib/Resque.php, line 136]

Warning Error: Redis::lPop(): php_network_getaddresses: getaddrinfo failed: Name or service not known in [/var/www/MISP/app/Vendor/kamisama/php-resque-ex/lib/Resque.php, line 136]

Warning Error: Redis::lPop(): php_network_getaddresses: getaddrinfo failed: Name or service not known in [/var/www/MISP/app/Vendor/kamisama/php-resque-ex/lib/Resque.php, line 136]

Warning Error: Redis::lPop(): php_network_getaddresses: getaddrinfo failed: Name or service not known in [/var/www/MISP/app/Vendor/kamisama/php-resque-ex/lib/Resque.php, line 136]

Warning Error: Redis::lPop(): php_network_getaddresses: getaddrinfo failed: Name or service not known in [/var/www/MISP/app/Vendor/kamisama/php-resque-ex/lib/Resque.php, line 136]

Warning Error: Redis::lPop(): php_network_getaddresses: getaddrinfo failed: Name or service not known in [/var/www/MISP/app/Vendor/kamisama/php-resque-ex/lib/Resque.php, line 136]

Warning Error: Redis::lPop(): php_network_getaddresses: getaddrinfo failed: Name or service not known in [/var/www/MISP/app/Vendor/kamisama/php-resque-ex/lib/Resque.php, line 136]

Warning Error: Redis::lPop(): php_network_getaddresses: getaddrinfo failed: Name or service not known in [/var/www/MISP/app/Vendor/kamisama/php-resque-ex/lib/Resque.php, line 136]

Warning Error: Redis::lPop(): php_network_getaddresses: getaddrinfo failed: Name or service not known in [/var/www/MISP/app/Vendor/kamisama/php-resque-ex/lib/Resque.php, line 136]

Warning Error: Redis::lPop(): php_network_getaddresses: getaddrinfo failed: Name or service not known in [/var/www/MISP/app/Vendor/kamisama/php-resque-ex/lib/Resque.php, line 136]

Warning Error: Redis::lPop(): php_network_getaddresses: getaddrinfo failed: Name or service not known in [/var/www/MISP/app/Vendor/kamisama/php-resque-ex/lib/Resque.php, line 136]

Warning Error: Redis::lPop(): php_network_getaddresses: getaddrinfo failed: Name or service not known in [/var/www/MISP/app/Vendor/kamisama/php-resque-ex/lib/Resque.php, line 136]

Warning Error: Redis::lPop(): php_network_getaddresses: getaddrinfo failed: Name or service not known in [/var/www/MISP/app/Vendor/kamisama/php-resque-ex/lib/Resque.php, line 136]

Warning Error: Redis::lPop(): php_network_getaddresses: getaddrinfo failed: Name or service not known in [/var/www/MISP/app/Vendor/kamisama/php-resque-ex/lib/Resque.php, line 136]

Warning Error: Redis::lPop(): php_network_getaddresses: getaddrinfo failed: Name or service not known in [/var/www/MISP/app/Vendor/kamisama/php-resque-ex/lib/Resque.php, line 136]

Warning Error: Redis::lPop(): php_network_getaddresses: getaddrinfo failed: Name or service not known in [/var/www/MISP/app/Vendor/kamisama/php-resque-ex/lib/Resque.php, line 136]

Warning Error: Redis::lPop(): php_network_getaddresses: getaddrinfo failed: Name or service not known in [/var/www/MISP/app/Vendor/kamisama/php-resque-ex/lib/Resque.php, line 136]

Warning Error: Redis::lPop(): php_network_getaddresses: getaddrinfo failed: Name or service not known in [/var/www/MISP/app/Vendor/kamisama/php-resque-ex/lib/Resque.php, line 136]

Warning Error: Redis::lPop(): php_network_getaddresses: getaddrinfo failed: Name or service not known in [/var/www/MISP/app/Vendor/kamisama/php-resque-ex/lib/Resque.php, line 136]

Warning Error: Redis::lPop(): php_network_getaddresses: getaddrinfo failed: Name or service not known in [/var/www/MISP/app/Vendor/kamisama/php-resque-ex/lib/Resque.php, line 136]

Warning Error: Redis::lPop(): php_network_getaddresses: getaddrinfo failed: Name or service not known in [/var/www/MISP/app/Vendor/kamisama/php-resque-ex/lib/Resque.php, line 136]

Warning Error: Redis::lPop(): php_network_getaddresses: getaddrinfo failed: Name or service not known in [/var/www/MISP/app/Vendor/kamisama/php-resque-ex/lib/Resque.php, line 136]

Warning Error: Redis::lPop(): php_network_getaddresses: getaddrinfo failed: Name or service not known in [/var/www/MISP/app/Vendor/kamisama/php-resque-ex/lib/Resque.php, line 136]

Warning Error: Redis::lPop(): php_network_getaddresses: getaddrinfo failed: Name or service not known in [/var/www/MISP/app/Vendor/kamisama/php-resque-ex/lib/Resque.php, line 136]

Warning Error: Redis::lPop(): php_network_getaddresses: getaddrinfo failed: Name or service not known in [/var/www/MISP/app/Vendor/kamisama/php-resque-ex/lib/Resque.php, line 136]

2025-02-25 09:26:27 Notice: GPG couldn't be initialized, GPG encryption and signing will be not available.
[Crypt_GPG_FileException] The 'homedir' "" is not readable or does not exist and cannot be created. This can happen if 'homedir' is not specified in the Crypt_GPG options, Crypt_GPG is run as the web user, and the web user has no home directory.
Stack Trace:
#0 /var/www/MISP/app/Vendor/pear/crypt_gpg/Crypt/GPGAbstract.php(256): Crypt_GPG_Engine->__construct()
#1 /var/www/MISP/app/Lib/Tools/CryptGpgExtended.php(11): Crypt_GPGAbstract->__construct()
#2 /var/www/MISP/app/Lib/Tools/GpgTool.php(34): CryptGpgExtended->__construct()
#3 /var/www/MISP/app/Model/User.php(1516): GpgTool::initializeGpg()
#4 /var/www/MISP/app/Model/User.php(859): User->initializeGpg()
#5 /var/www/MISP/app/Model/User.php(1229): User->sendEmail()
#6 /var/www/MISP/app/Model/User.php(1156): User->resetauthkey()
#7 /var/www/MISP/app/Console/Command/AdminShell.php(741): User->resetAllSyncAuthKeys()
#8 /var/www/MISP/app/Console/Command/AppShell.php(48): AdminShell->resetSyncAuthkeys()
#9 /var/www/MISP/app/Vendor/kamisama/php-resque-ex/lib/Resque/Job.php(199): AppShell->perform()
#10 /var/www/MISP/app/Vendor/kamisama/php-resque-ex/lib/Resque/Worker.php(278): Resque_Job->perform()
#11 /var/www/MISP/app/Vendor/kamisama/php-resque-ex/lib/Resque/Worker.php(241): Resque_Worker->perform()
#12 /var/www/MISP/app/Vendor/kamisama/php-resque-ex/bin/resque(109): Resque_Worker->work()
#13 /var/www/MISP/app/Vendor/kamisama/php-resque-ex/bin/resque(100): startWorker()
#14 {main}
2025-02-25 09:26:27 Error: Exception during sending e-mail
[SendEmailException] GPG signing is enabled, but GPG is not initialized. Check debug log why GPG could not be initialized.
Stack Trace:
#0 /var/www/MISP/app/Model/User.php(862): SendEmail->sendToUser()
#1 /var/www/MISP/app/Model/User.php(1229): User->sendEmail()
#2 /var/www/MISP/app/Model/User.php(1156): User->resetauthkey()
#3 /var/www/MISP/app/Console/Command/AdminShell.php(741): User->resetAllSyncAuthKeys()
#4 /var/www/MISP/app/Console/Command/AppShell.php(48): AdminShell->resetSyncAuthkeys()
#5 /var/www/MISP/app/Vendor/kamisama/php-resque-ex/lib/Resque/Job.php(199): AppShell->perform()
#6 /var/www/MISP/app/Vendor/kamisama/php-resque-ex/lib/Resque/Worker.php(278): Resque_Job->perform()
#7 /var/www/MISP/app/Vendor/kamisama/php-resque-ex/lib/Resque/Worker.php(241): Resque_Worker->perform()
#8 /var/www/MISP/app/Vendor/kamisama/php-resque-ex/bin/resque(109): Resque_Worker->work()
#9 /var/www/MISP/app/Vendor/kamisama/php-resque-ex/bin/resque(100): startWorker()
#10 {main}
Warning Error: Redis::lPop(): php_network_getaddresses: getaddrinfo failed: Name or service not known in [/var/www/MISP/app/Vendor/kamisama/php-resque-ex/lib/Resque.php, line 136]

Warning Error: Redis::lPop(): php_network_getaddresses: getaddrinfo failed: Name or service not known in [/var/www/MISP/app/Vendor/kamisama/php-resque-ex/lib/Resque.php, line 136]

Warning Error: Redis::lPop(): php_network_getaddresses: getaddrinfo failed: Name or service not known in [/var/www/MISP/app/Vendor/kamisama/php-resque-ex/lib/Resque.php, line 136]

Warning Error: Redis::lPop(): php_network_getaddresses: getaddrinfo failed: Name or service not known in [/var/www/MISP/app/Vendor/kamisama/php-resque-ex/lib/Resque.php, line 136]

Warning Error: Redis::lPop(): php_network_getaddresses: getaddrinfo failed: Name or service not known in [/var/www/MISP/app/Vendor/kamisama/php-resque-ex/lib/Resque.php, line 136]

Warning Error: Redis::lPop(): php_network_getaddresses: getaddrinfo failed: Name or service not known in [/var/www/MISP/app/Vendor/kamisama/php-resque-ex/lib/Resque.php, line 136]

Warning Error: Redis::lPop(): php_network_getaddresses: getaddrinfo failed: Name or service not known in [/var/www/MISP/app/Vendor/kamisama/php-resque-ex/lib/Resque.php, line 136]

Warning Error: Redis::lPop(): php_network_getaddresses: getaddrinfo failed: Name or service not known in [/var/www/MISP/app/Vendor/kamisama/php-resque-ex/lib/Resque.php, line 136]

Warning Error: Redis::lPop(): php_network_getaddresses: getaddrinfo failed: Name or service not known in [/var/www/MISP/app/Vendor/kamisama/php-resque-ex/lib/Resque.php, line 136]

Warning Error: Redis::lPop(): php_network_getaddresses: getaddrinfo failed: Name or service not known in [/var/www/MISP/app/Vendor/kamisama/php-resque-ex/lib/Resque.php, line 136]

Warning Error: Redis::lPop(): php_network_getaddresses: getaddrinfo failed: Name or service not known in [/var/www/MISP/app/Vendor/kamisama/php-resque-ex/lib/Resque.php, line 136]

Warning Error: Redis::lPop(): php_network_getaddresses: getaddrinfo failed: Name or service not known in [/var/www/MISP/app/Vendor/kamisama/php-resque-ex/lib/Resque.php, line 136]

Warning Error: Redis::lPop(): php_network_getaddresses: getaddrinfo failed: Name or service not known in [/var/www/MISP/app/Vendor/kamisama/php-resque-ex/lib/Resque.php, line 136]

Warning Error: Redis::lPop(): php_network_getaddresses: getaddrinfo failed: Name or service not known in [/var/www/MISP/app/Vendor/kamisama/php-resque-ex/lib/Resque.php, line 136]

Warning Error: Redis::lPop(): php_network_getaddresses: getaddrinfo failed: Name or service not known in [/var/www/MISP/app/Vendor/kamisama/php-resque-ex/lib/Resque.php, line 136]

Warning Error: Redis::lPop(): php_network_getaddresses: getaddrinfo failed: Name or service not known in [/var/www/MISP/app/Vendor/kamisama/php-resque-ex/lib/Resque.php, line 136]

Warning Error: Redis::lPop(): php_network_getaddresses: getaddrinfo failed: Name or service not known in [/var/www/MISP/app/Vendor/kamisama/php-resque-ex/lib/Resque.php, line 136]

Warning Error: Redis::lPop(): php_network_getaddresses: getaddrinfo failed: Name or service not known in [/var/www/MISP/app/Vendor/kamisama/php-resque-ex/lib/Resque.php, line 136]

Warning Error: Redis::lPop(): php_network_getaddresses: getaddrinfo failed: Name or service not known in [/var/www/MISP/app/Vendor/kamisama/php-resque-ex/lib/Resque.php, line 136]

Warning Error: Redis::lPop(): php_network_getaddresses: getaddrinfo failed: Name or service not known in [/var/www/MISP/app/Vendor/kamisama/php-resque-ex/lib/Resque.php, line 136]

Warning Error: Redis::lPop(): php_network_getaddresses: getaddrinfo failed: Name or service not known in [/var/www/MISP/app/Vendor/kamisama/php-resque-ex/lib/Resque.php, line 136]

Warning Error: Redis::lPop(): php_network_getaddresses: getaddrinfo failed: Name or service not known in [/var/www/MISP/app/Vendor/kamisama/php-resque-ex/lib/Resque.php, line 136]

Warning Error: Redis::lPop(): php_network_getaddresses: getaddrinfo failed: Name or service not known in [/var/www/MISP/app/Vendor/kamisama/php-resque-ex/lib/Resque.php, line 136]

Warning Error: Redis::lPop(): php_network_getaddresses: getaddrinfo failed: Name or service not known in [/var/www/MISP/app/Vendor/kamisama/php-resque-ex/lib/Resque.php, line 136]

Warning Error: Redis::lPop(): php_network_getaddresses: getaddrinfo failed: Name or service not known in [/var/www/MISP/app/Vendor/kamisama/php-resque-ex/lib/Resque.php, line 136]

Warning Error: Redis::lPop(): php_network_getaddresses: getaddrinfo failed: Name or service not known in [/var/www/MISP/app/Vendor/kamisama/php-resque-ex/lib/Resque.php, line 136]

Warning Error: Redis::lPop(): php_network_getaddresses: getaddrinfo failed: Name or service not known in [/var/www/MISP/app/Vendor/kamisama/php-resque-ex/lib/Resque.php, line 136]

Warning Error: Redis::lPop(): php_network_getaddresses: getaddrinfo failed: Name or service not known in [/var/www/MISP/app/Vendor/kamisama/php-resque-ex/lib/Resque.php, line 136]

Warning Error: Redis::lPop(): php_network_getaddresses: getaddrinfo failed: Name or service not known in [/var/www/MISP/app/Vendor/kamisama/php-resque-ex/lib/Resque.php, line 136]

Warning Error: Redis::lPop(): php_network_getaddresses: getaddrinfo failed: Name or service not known in [/var/www/MISP/app/Vendor/kamisama/php-resque-ex/lib/Resque.php, line 136]

Warning Error: Redis::lPop(): php_network_getaddresses: getaddrinfo failed: Name or service not known in [/var/www/MISP/app/Vendor/kamisama/php-resque-ex/lib/Resque.php, line 136]

Warning Error: Redis::lPop(): php_network_getaddresses: getaddrinfo failed: Name or service not known in [/var/www/MISP/app/Vendor/kamisama/php-resque-ex/lib/Resque.php, line 136]

Warning Error: Redis::lPop(): php_network_getaddresses: getaddrinfo failed: Name or service not known in [/var/www/MISP/app/Vendor/kamisama/php-resque-ex/lib/Resque.php, line 136]

Warning Error: Redis::lPop(): php_network_getaddresses: getaddrinfo failed: Name or service not known in [/var/www/MISP/app/Vendor/kamisama/php-resque-ex/lib/Resque.php, line 136]

Warning Error: Redis::lPop(): php_network_getaddresses: getaddrinfo failed: Name or service not known in [/var/www/MISP/app/Vendor/kamisama/php-resque-ex/lib/Resque.php, line 136]

Warning Error: Redis::lPop(): php_network_getaddresses: getaddrinfo failed: Name or service not known in [/var/www/MISP/app/Vendor/kamisama/php-resque-ex/lib/Resque.php, line 136]

Warning Error: Redis::lPop(): php_network_getaddresses: getaddrinfo failed: Name or service not known in [/var/www/MISP/app/Vendor/kamisama/php-resque-ex/lib/Resque.php, line 136]

Warning Error: Redis::lPop(): php_network_getaddresses: getaddrinfo failed: Name or service not known in [/var/www/MISP/app/Vendor/kamisama/php-resque-ex/lib/Resque.php, line 136]

Warning Error: Redis::lPop(): php_network_getaddresses: getaddrinfo failed: Name or service not known in [/var/www/MISP/app/Vendor/kamisama/php-resque-ex/lib/Resque.php, line 136]

Warning Error: Redis::lPop(): php_network_getaddresses: getaddrinfo failed: Name or service not known in [/var/www/MISP/app/Vendor/kamisama/php-resque-ex/lib/Resque.php, line 136]

Warning Error: Redis::lPop(): php_network_getaddresses: getaddrinfo failed: Name or service not known in [/var/www/MISP/app/Vendor/kamisama/php-resque-ex/lib/Resque.php, line 136]

Warning Error: Redis::lPop(): php_network_getaddresses: getaddrinfo failed: Name or service not known in [/var/www/MISP/app/Vendor/kamisama/php-resque-ex/lib/Resque.php, line 136]

Warning Error: Redis::lPop(): php_network_getaddresses: getaddrinfo failed: Name or service not known in [/var/www/MISP/app/Vendor/kamisama/php-resque-ex/lib/Resque.php, line 136]

Warning Error: Redis::lPop(): php_network_getaddresses: getaddrinfo failed: Name or service not known in [/var/www/MISP/app/Vendor/kamisama/php-resque-ex/lib/Resque.php, line 136]

Warning Error: Redis::lPop(): php_network_getaddresses: getaddrinfo failed: Name or service not known in [/var/www/MISP/app/Vendor/kamisama/php-resque-ex/lib/Resque.php, line 136]

Warning Error: Redis::lPop(): php_network_getaddresses: getaddrinfo failed: Name or service not known in [/var/www/MISP/app/Vendor/kamisama/php-resque-ex/lib/Resque.php, line 136]

Warning Error: Redis::lPop(): php_network_getaddresses: getaddrinfo failed: Name or service not known in [/var/www/MISP/app/Vendor/kamisama/php-resque-ex/lib/Resque.php, line 136]

Warning Error: Redis::lPop(): php_network_getaddresses: getaddrinfo failed: Name or service not known in [/var/www/MISP/app/Vendor/kamisama/php-resque-ex/lib/Resque.php, line 136]

Warning Error: Redis::lPop(): php_network_getaddresses: getaddrinfo failed: Name or service not known in [/var/www/MISP/app/Vendor/kamisama/php-resque-ex/lib/Resque.php, line 136]

Warning Error: Redis::lPop(): php_network_getaddresses: getaddrinfo failed: Name or service not known in [/var/www/MISP/app/Vendor/kamisama/php-resque-ex/lib/Resque.php, line 136]

Warning Error: Redis::lPop(): php_network_getaddresses: getaddrinfo failed: Name or service not known in [/var/www/MISP/app/Vendor/kamisama/php-resque-ex/lib/Resque.php, line 136]

Warning Error: Redis::lPop(): php_network_getaddresses: getaddrinfo failed: Name or service not known in [/var/www/MISP/app/Vendor/kamisama/php-resque-ex/lib/Resque.php, line 136]

Warning Error: Redis::lPop(): php_network_getaddresses: getaddrinfo failed: Name or service not known in [/var/www/MISP/app/Vendor/kamisama/php-resque-ex/lib/Resque.php, line 136]

Warning Error: Redis::lPop(): php_network_getaddresses: getaddrinfo failed: Name or service not known in [/var/www/MISP/app/Vendor/kamisama/php-resque-ex/lib/Resque.php, line 136]

Warning Error: Redis::lPop(): php_network_getaddresses: getaddrinfo failed: Name or service not known in [/var/www/MISP/app/Vendor/kamisama/php-resque-ex/lib/Resque.php, line 136]

Warning Error: Redis::lPop(): php_network_getaddresses: getaddrinfo failed: Name or service not known in [/var/www/MISP/app/Vendor/kamisama/php-resque-ex/lib/Resque.php, line 136]

Warning Error: Redis::lPop(): php_network_getaddresses: getaddrinfo failed: Name or service not known in [/var/www/MISP/app/Vendor/kamisama/php-resque-ex/lib/Resque.php, line 136]

Warning Error: Redis::lPop(): php_network_getaddresses: getaddrinfo failed: Name or service not known in [/var/www/MISP/app/Vendor/kamisama/php-resque-ex/lib/Resque.php, line 136]

Warning Error: Redis::lPop(): php_network_getaddresses: getaddrinfo failed: Name or service not known in [/var/www/MISP/app/Vendor/kamisama/php-resque-ex/lib/Resque.php, line 136]

Warning Error: Redis::lPop(): php_network_getaddresses: getaddrinfo failed: Name or service not known in [/var/www/MISP/app/Vendor/kamisama/php-resque-ex/lib/Resque.php, line 136]

Warning Error: Redis::lPop(): php_network_getaddresses: getaddrinfo failed: Name or service not known in [/var/www/MISP/app/Vendor/kamisama/php-resque-ex/lib/Resque.php, line 136]

Warning Error: Redis::lPop(): php_network_getaddresses: getaddrinfo failed: Name or service not known in [/var/www/MISP/app/Vendor/kamisama/php-resque-ex/lib/Resque.php, line 136]

Warning Error: Redis::lPop(): php_network_getaddresses: getaddrinfo failed: Name or service not known in [/var/www/MISP/app/Vendor/kamisama/php-resque-ex/lib/Resque.php, line 136]

Warning Error: Redis::lPop(): php_network_getaddresses: getaddrinfo failed: Name or service not known in [/var/www/MISP/app/Vendor/kamisama/php-resque-ex/lib/Resque.php, line 136]

Warning Error: Redis::lPop(): php_network_getaddresses: getaddrinfo failed: Name or service not known in [/var/www/MISP/app/Vendor/kamisama/php-resque-ex/lib/Resque.php, line 136]

Warning Error: Redis::lPop(): php_network_getaddresses: getaddrinfo failed: Name or service not known in [/var/www/MISP/app/Vendor/kamisama/php-resque-ex/lib/Resque.php, line 136]

Warning Error: Redis::lPop(): php_network_getaddresses: getaddrinfo failed: Name or service not known in [/var/www/MISP/app/Vendor/kamisama/php-resque-ex/lib/Resque.php, line 136]

Warning Error: Redis::lPop(): php_network_getaddresses: getaddrinfo failed: Name or service not known in [/var/www/MISP/app/Vendor/kamisama/php-resque-ex/lib/Resque.php, line 136]

Warning Error: Redis::lPop(): php_network_getaddresses: getaddrinfo failed: Name or service not known in [/var/www/MISP/app/Vendor/kamisama/php-resque-ex/lib/Resque.php, line 136]

Warning Error: Redis::lPop(): php_network_getaddresses: getaddrinfo failed: Name or service not known in [/var/www/MISP/app/Vendor/kamisama/php-resque-ex/lib/Resque.php, line 136]

Warning Error: Redis::lPop(): php_network_getaddresses: getaddrinfo failed: Name or service not known in [/var/www/MISP/app/Vendor/kamisama/php-resque-ex/lib/Resque.php, line 136]

Warning Error: Redis::lPop(): php_network_getaddresses: getaddrinfo failed: Name or service not known in [/var/www/MISP/app/Vendor/kamisama/php-resque-ex/lib/Resque.php, line 136]

Warning Error: Redis::lPop(): php_network_getaddresses: getaddrinfo failed: Name or service not known in [/var/www/MISP/app/Vendor/kamisama/php-resque-ex/lib/Resque.php, line 136]

Warning Error: Redis::lPop(): php_network_getaddresses: getaddrinfo failed: Name or service not known in [/var/www/MISP/app/Vendor/kamisama/php-resque-ex/lib/Resque.php, line 136]

Warning Error: Redis::lPop(): php_network_getaddresses: getaddrinfo failed: Name or service not known in [/var/www/MISP/app/Vendor/kamisama/php-resque-ex/lib/Resque.php, line 136]

Warning Error: Redis::lPop(): php_network_getaddresses: getaddrinfo failed: Name or service not known in [/var/www/MISP/app/Vendor/kamisama/php-resque-ex/lib/Resque.php, line 136]

Warning Error: Redis::lPop(): php_network_getaddresses: getaddrinfo failed: Name or service not known in [/var/www/MISP/app/Vendor/kamisama/php-resque-ex/lib/Resque.php, line 136]

Warning Error: Redis::lPop(): php_network_getaddresses: getaddrinfo failed: Name or service not known in [/var/www/MISP/app/Vendor/kamisama/php-resque-ex/lib/Resque.php, line 136]

Warning Error: Redis::lPop(): php_network_getaddresses: getaddrinfo failed: Name or service not known in [/var/www/MISP/app/Vendor/kamisama/php-resque-ex/lib/Resque.php, line 136]

Warning Error: Redis::lPop(): php_network_getaddresses: getaddrinfo failed: Name or service not known in [/var/www/MISP/app/Vendor/kamisama/php-resque-ex/lib/Resque.php, line 136]

Warning Error: Redis::lPop(): php_network_getaddresses: getaddrinfo failed: Name or service not known in [/var/www/MISP/app/Vendor/kamisama/php-resque-ex/lib/Resque.php, line 136]

Warning Error: Redis::lPop(): php_network_getaddresses: getaddrinfo failed: Name or service not known in [/var/www/MISP/app/Vendor/kamisama/php-resque-ex/lib/Resque.php, line 136]

Warning Error: Redis::lPop(): php_network_getaddresses: getaddrinfo failed: Name or service not known in [/var/www/MISP/app/Vendor/kamisama/php-resque-ex/lib/Resque.php, line 136]

Warning Error: Redis::lPop(): php_network_getaddresses: getaddrinfo failed: Name or service not known in [/var/www/MISP/app/Vendor/kamisama/php-resque-ex/lib/Resque.php, line 136]

Warning Error: Redis::lPop(): php_network_getaddresses: getaddrinfo failed: Name or service not known in [/var/www/MISP/app/Vendor/kamisama/php-resque-ex/lib/Resque.php, line 136]

Warning Error: Redis::lPop(): php_network_getaddresses: getaddrinfo failed: Name or service not known in [/var/www/MISP/app/Vendor/kamisama/php-resque-ex/lib/Resque.php, line 136]

Warning Error: Redis::lPop(): php_network_getaddresses: getaddrinfo failed: Name or service not known in [/var/www/MISP/app/Vendor/kamisama/php-resque-ex/lib/Resque.php, line 136]

Warning Error: Redis::lPop(): php_network_getaddresses: getaddrinfo failed: Name or service not known in [/var/www/MISP/app/Vendor/kamisama/php-resque-ex/lib/Resque.php, line 136]

Warning Error: Redis::lPop(): php_network_getaddresses: getaddrinfo failed: Name or service not known in [/var/www/MISP/app/Vendor/kamisama/php-resque-ex/lib/Resque.php, line 136]

Warning Error: Redis::lPop(): php_network_getaddresses: getaddrinfo failed: Name or service not known in [/var/www/MISP/app/Vendor/kamisama/php-resque-ex/lib/Resque.php, line 136]

Warning Error: Redis::lPop(): php_network_getaddresses: getaddrinfo failed: Name or service not known in [/var/www/MISP/app/Vendor/kamisama/php-resque-ex/lib/Resque.php, line 136]

Warning Error: Redis::lPop(): php_network_getaddresses: getaddrinfo failed: Name or service not known in [/var/www/MISP/app/Vendor/kamisama/php-resque-ex/lib/Resque.php, line 136]

Warning Error: Redis::lPop(): php_network_getaddresses: getaddrinfo failed: Name or service not known in [/var/www/MISP/app/Vendor/kamisama/php-resque-ex/lib/Resque.php, line 136]

Warning Error: Redis::lPop(): php_network_getaddresses: getaddrinfo failed: Name or service not known in [/var/www/MISP/app/Vendor/kamisama/php-resque-ex/lib/Resque.php, line 136]

Warning Error: Redis::lPop(): php_network_getaddresses: getaddrinfo failed: Name or service not known in [/var/www/MISP/app/Vendor/kamisama/php-resque-ex/lib/Resque.php, line 136]

Warning Error: Redis::lPop(): php_network_getaddresses: getaddrinfo failed: Name or service not known in [/var/www/MISP/app/Vendor/kamisama/php-resque-ex/lib/Resque.php, line 136]

Warning Error: Redis::lPop(): php_network_getaddresses: getaddrinfo failed: Name or service not known in [/var/www/MISP/app/Vendor/kamisama/php-resque-ex/lib/Resque.php, line 136]

Warning Error: Redis::lPop(): php_network_getaddresses: getaddrinfo failed: Name or service not known in [/var/www/MISP/app/Vendor/kamisama/php-resque-ex/lib/Resque.php, line 136]

Warning Error: Redis::lPop(): php_network_getaddresses: getaddrinfo failed: Name or service not known in [/var/www/MISP/app/Vendor/kamisama/php-resque-ex/lib/Resque.php, line 136]

Warning Error: Redis::lPop(): php_network_getaddresses: getaddrinfo failed: Name or service not known in [/var/www/MISP/app/Vendor/kamisama/php-resque-ex/lib/Resque.php, line 136]

Warning Error: Redis::lPop(): php_network_getaddresses: getaddrinfo failed: Name or service not known in [/var/www/MISP/app/Vendor/kamisama/php-resque-ex/lib/Resque.php, line 136]

Warning Error: Redis::lPop(): php_network_getaddresses: getaddrinfo failed: Name or service not known in [/var/www/MISP/app/Vendor/kamisama/php-resque-ex/lib/Resque.php, line 136]

Warning Error: Redis::lPop(): php_network_getaddresses: getaddrinfo failed: Name or service not known in [/var/www/MISP/app/Vendor/kamisama/php-resque-ex/lib/Resque.php, line 136]

Warning Error: Redis::lPop(): php_network_getaddresses: getaddrinfo failed: Name or service not known in [/var/www/MISP/app/Vendor/kamisama/php-resque-ex/lib/Resque.php, line 136]

Warning Error: Redis::lPop(): php_network_getaddresses: getaddrinfo failed: Name or service not known in [/var/www/MISP/app/Vendor/kamisama/php-resque-ex/lib/Resque.php, line 136]

Warning Error: Redis::lPop(): php_network_getaddresses: getaddrinfo failed: Name or service not known in [/var/www/MISP/app/Vendor/kamisama/php-resque-ex/lib/Resque.php, line 136]

Warning Error: Redis::lPop(): php_network_getaddresses: getaddrinfo failed: Name or service not known in [/var/www/MISP/app/Vendor/kamisama/php-resque-ex/lib/Resque.php, line 136]

Warning Error: Redis::lPop(): php_network_getaddresses: getaddrinfo failed: Name or service not known in [/var/www/MISP/app/Vendor/kamisama/php-resque-ex/lib/Resque.php, line 136]

Warning Error: Redis::lPop(): php_network_getaddresses: getaddrinfo failed: Name or service not known in [/var/www/MISP/app/Vendor/kamisama/php-resque-ex/lib/Resque.php, line 136]

Warning Error: Redis::lPop(): php_network_getaddresses: getaddrinfo failed: Name or service not known in [/var/www/MISP/app/Vendor/kamisama/php-resque-ex/lib/Resque.php, line 136]

Warning Error: Redis::lPop(): php_network_getaddresses: getaddrinfo failed: Name or service not known in [/var/www/MISP/app/Vendor/kamisama/php-resque-ex/lib/Resque.php, line 136]

Warning Error: Redis::lPop(): php_network_getaddresses: getaddrinfo failed: Name or service not known in [/var/www/MISP/app/Vendor/kamisama/php-resque-ex/lib/Resque.php, line 136]

Warning Error: Redis::lPop(): php_network_getaddresses: getaddrinfo failed: Name or service not known in [/var/www/MISP/app/Vendor/kamisama/php-resque-ex/lib/Resque.php, line 136]

Warning Error: Redis::lPop(): php_network_getaddresses: getaddrinfo failed: Name or service not known in [/var/www/MISP/app/Vendor/kamisama/php-resque-ex/lib/Resque.php, line 136]

Warning Error: Redis::lPop(): php_network_getaddresses: getaddrinfo failed: Name or service not known in [/var/www/MISP/app/Vendor/kamisama/php-resque-ex/lib/Resque.php, line 136]

Warning Error: Redis::lPop(): php_network_getaddresses: getaddrinfo failed: Name or service not known in [/var/www/MISP/app/Vendor/kamisama/php-resque-ex/lib/Resque.php, line 136]

Warning Error: Redis::lPop(): php_network_getaddresses: getaddrinfo failed: Name or service not known in [/var/www/MISP/app/Vendor/kamisama/php-resque-ex/lib/Resque.php, line 136]

Warning Error: Redis::lPop(): php_network_getaddresses: getaddrinfo failed: Name or service not known in [/var/www/MISP/app/Vendor/kamisama/php-resque-ex/lib/Resque.php, line 136]

Warning Error: Redis::lPop(): php_network_getaddresses: getaddrinfo failed: Name or service not known in [/var/www/MISP/app/Vendor/kamisama/php-resque-ex/lib/Resque.php, line 136]

Warning Error: Redis::lPop(): php_network_getaddresses: getaddrinfo failed: Name or service not known in [/var/www/MISP/app/Vendor/kamisama/php-resque-ex/lib/Resque.php, line 136]

Warning Error: Redis::lPop(): php_network_getaddresses: getaddrinfo failed: Name or service not known in [/var/www/MISP/app/Vendor/kamisama/php-resque-ex/lib/Resque.php, line 136]

Warning Error: Redis::lPop(): php_network_getaddresses: getaddrinfo failed: Name or service not known in [/var/www/MISP/app/Vendor/kamisama/php-resque-ex/lib/Resque.php, line 136]

Warning Error: Redis::lPop(): php_network_getaddresses: getaddrinfo failed: Name or service not known in [/var/www/MISP/app/Vendor/kamisama/php-resque-ex/lib/Resque.php, line 136]

Warning Error: Redis::lPop(): php_network_getaddresses: getaddrinfo failed: Name or service not known in [/var/www/MISP/app/Vendor/kamisama/php-resque-ex/lib/Resque.php, line 136]

Warning Error: Redis::lPop(): php_network_getaddresses: getaddrinfo failed: Name or service not known in [/var/www/MISP/app/Vendor/kamisama/php-resque-ex/lib/Resque.php, line 136]

Warning Error: Redis::lPop(): php_network_getaddresses: getaddrinfo failed: Name or service not known in [/var/www/MISP/app/Vendor/kamisama/php-resque-ex/lib/Resque.php, line 136]

Warning Error: Redis::lPop(): php_network_getaddresses: getaddrinfo failed: Name or service not known in [/var/www/MISP/app/Vendor/kamisama/php-resque-ex/lib/Resque.php, line 136]

Warning Error: Redis::lPop(): php_network_getaddresses: getaddrinfo failed: Name or service not known in [/var/www/MISP/app/Vendor/kamisama/php-resque-ex/lib/Resque.php, line 136]

Warning Error: Redis::lPop(): php_network_getaddresses: getaddrinfo failed: Name or service not known in [/var/www/MISP/app/Vendor/kamisama/php-resque-ex/lib/Resque.php, line 136]

Warning Error: Redis::lPop(): php_network_getaddresses: getaddrinfo failed: Name or service not known in [/var/www/MISP/app/Vendor/kamisama/php-resque-ex/lib/Resque.php, line 136]

Warning Error: Redis::lPop(): php_network_getaddresses: getaddrinfo failed: Name or service not known in [/var/www/MISP/app/Vendor/kamisama/php-resque-ex/lib/Resque.php, line 136]

Warning Error: Redis::lPop(): php_network_getaddresses: getaddrinfo failed: Name or service not known in [/var/www/MISP/app/Vendor/kamisama/php-resque-ex/lib/Resque.php, line 136]

Warning Error: Redis::lPop(): php_network_getaddresses: getaddrinfo failed: Name or service not known in [/var/www/MISP/app/Vendor/kamisama/php-resque-ex/lib/Resque.php, line 136]

Warning Error: Redis::lPop(): php_network_getaddresses: getaddrinfo failed: Name or service not known in [/var/www/MISP/app/Vendor/kamisama/php-resque-ex/lib/Resque.php, line 136]

Warning Error: Redis::lPop(): php_network_getaddresses: getaddrinfo failed: Name or service not known in [/var/www/MISP/app/Vendor/kamisama/php-resque-ex/lib/Resque.php, line 136]

Warning Error: Redis::lPop(): php_network_getaddresses: getaddrinfo failed: Name or service not known in [/var/www/MISP/app/Vendor/kamisama/php-resque-ex/lib/Resque.php, line 136]

Warning Error: Redis::lPop(): php_network_getaddresses: getaddrinfo failed: Name or service not known in [/var/www/MISP/app/Vendor/kamisama/php-resque-ex/lib/Resque.php, line 136]

Warning Error: Redis::lPop(): php_network_getaddresses: getaddrinfo failed: Name or service not known in [/var/www/MISP/app/Vendor/kamisama/php-resque-ex/lib/Resque.php, line 136]

Warning Error: Redis::lPop(): php_network_getaddresses: getaddrinfo failed: Name or service not known in [/var/www/MISP/app/Vendor/kamisama/php-resque-ex/lib/Resque.php, line 136]

Warning Error: Redis::lPop(): php_network_getaddresses: getaddrinfo failed: Name or service not known in [/var/www/MISP/app/Vendor/kamisama/php-resque-ex/lib/Resque.php, line 136]

Warning Error: Redis::lPop(): php_network_getaddresses: getaddrinfo failed: Name or service not known in [/var/www/MISP/app/Vendor/kamisama/php-resque-ex/lib/Resque.php, line 136]

Warning Error: Redis::lPop(): php_network_getaddresses: getaddrinfo failed: Name or service not known in [/var/www/MISP/app/Vendor/kamisama/php-resque-ex/lib/Resque.php, line 136]

Warning Error: Redis::lPop(): php_network_getaddresses: getaddrinfo failed: Name or service not known in [/var/www/MISP/app/Vendor/kamisama/php-resque-ex/lib/Resque.php, line 136]

Warning Error: Redis::lPop(): php_network_getaddresses: getaddrinfo failed: Name or service not known in [/var/www/MISP/app/Vendor/kamisama/php-resque-ex/lib/Resque.php, line 136]

Warning Error: Redis::lPop(): php_network_getaddresses: getaddrinfo failed: Name or service not known in [/var/www/MISP/app/Vendor/kamisama/php-resque-ex/lib/Resque.php, line 136]

Warning Error: Redis::lPop(): php_network_getaddresses: getaddrinfo failed: Name or service not known in [/var/www/MISP/app/Vendor/kamisama/php-resque-ex/lib/Resque.php, line 136]

Warning Error: Redis::lPop(): php_network_getaddresses: getaddrinfo failed: Name or service not known in [/var/www/MISP/app/Vendor/kamisama/php-resque-ex/lib/Resque.php, line 136]

Warning Error: Redis::lPop(): php_network_getaddresses: getaddrinfo failed: Name or service not known in [/var/www/MISP/app/Vendor/kamisama/php-resque-ex/lib/Resque.php, line 136]

Warning Error: Redis::lPop(): php_network_getaddresses: getaddrinfo failed: Name or service not known in [/var/www/MISP/app/Vendor/kamisama/php-resque-ex/lib/Resque.php, line 136]

Warning Error: Redis::lPop(): php_network_getaddresses: getaddrinfo failed: Name or service not known in [/var/www/MISP/app/Vendor/kamisama/php-resque-ex/lib/Resque.php, line 136]

